{"total": {"lines":{"total":87,"covered":87,"skipped":0,"pct":100},"statements":{"total":91,"covered":91,"skipped":0,"pct":100},"functions":{"total":17,"covered":11,"skipped":0,"pct":64.7},"branches":{"total":23,"covered":22,"skipped":0,"pct":95.65},"branchesTrue":{"total":0,"covered":0,"skipped":0,"pct":"Unknown"}}
,"/workspaces/claude/gardee-v2/backend/src/controllers/messageController.ts": {"lines":{"total":87,"covered":87,"skipped":0,"pct":100},"functions":{"total":17,"covered":11,"skipped":0,"pct":64.7},"statements":{"total":91,"covered":91,"skipped":0,"pct":100},"branches":{"total":23,"covered":22,"skipped":0,"pct":95.65}}
}
