{"/workspaces/claude/gardee-v2/backend/src/app.ts": {"path":"/workspaces/claude/gardee-v2/backend/src/app.ts","statementMap":{"0":{"start":{"line":1,"column":0},"end":{"line":1,"column":23}},"1":{"start":{"line":2,"column":0},"end":{"line":2,"column":30}},"2":{"start":{"line":3,"column":0},"end":{"line":3,"column":42}},"3":{"start":{"line":4,"column":0},"end":{"line":4,"column":24}},"4":{"start":{"line":5,"column":0},"end":{"line":5,"column":28}},"5":{"start":{"line":6,"column":0},"end":{"line":6,"column":41}},"6":{"start":{"line":7,"column":0},"end":{"line":7,"column":28}},"7":{"start":{"line":8,"column":0},"end":{"line":8,"column":44}},"8":{"start":{"line":10,"column":0},"end":{"line":10,"column":40}},"9":{"start":{"line":11,"column":0},"end":{"line":11,"column":68}},"10":{"start":{"line":13,"column":0},"end":{"line":13,"column":39}},"11":{"start":{"line":14,"column":0},"end":{"line":14,"column":40}},"12":{"start":{"line":15,"column":0},"end":{"line":15,"column":54}},"13":{"start":{"line":16,"column":0},"end":{"line":16,"column":46}},"14":{"start":{"line":17,"column":0},"end":{"line":17,"column":44}},"15":{"start":{"line":18,"column":0},"end":{"line":18,"column":41}},"16":{"start":{"line":19,"column":0},"end":{"line":19,"column":49}},"17":{"start":{"line":20,"column":0},"end":{"line":20,"column":45}},"18":{"start":{"line":21,"column":0},"end":{"line":21,"column":39}},"19":{"start":{"line":22,"column":0},"end":{"line":22,"column":39}},"20":{"start":{"line":24,"column":12},"end":{"line":24,"column":21}},"21":{"start":{"line":26,"column":23},"end":{"line":35,"column":2}},"22":{"start":{"line":37,"column":0},"end":{"line":37,"column":18}},"23":{"start":{"line":38,"column":0},"end":{"line":46,"column":4}},"24":{"start":{"line":40,"column":4},"end":{"line":40,"column":74}},"25":{"start":{"line":40,"column":52},"end":{"line":40,"column":74}},"26":{"start":{"line":41,"column":4},"end":{"line":41,"column":39}},"27":{"start":{"line":48,"column":0},"end":{"line":48,"column":76}},"28":{"start":{"line":49,"column":0},"end":{"line":49,"column":24}},"29":{"start":{"line":50,"column":0},"end":{"line":50,"column":24}},"30":{"start":{"line":51,"column":0},"end":{"line":51,"column":48}},"31":{"start":{"line":52,"column":0},"end":{"line":52,"column":63}},"32":{"start":{"line":54,"column":0},"end":{"line":54,"column":33}},"33":{"start":{"line":55,"column":0},"end":{"line":55,"column":34}},"34":{"start":{"line":56,"column":0},"end":{"line":56,"column":48}},"35":{"start":{"line":57,"column":0},"end":{"line":57,"column":40}},"36":{"start":{"line":58,"column":0},"end":{"line":58,"column":38}},"37":{"start":{"line":59,"column":0},"end":{"line":59,"column":35}},"38":{"start":{"line":60,"column":0},"end":{"line":60,"column":43}},"39":{"start":{"line":61,"column":0},"end":{"line":61,"column":39}},"40":{"start":{"line":62,"column":0},"end":{"line":62,"column":29}},"41":{"start":{"line":63,"column":0},"end":{"line":63,"column":33}},"42":{"start":{"line":65,"column":19},"end":{"line":65,"column":43}},"43":{"start":{"line":66,"column":0},"end":{"line":66,"column":94}},"44":{"start":{"line":66,"column":38},"end":{"line":66,"column":92}},"45":{"start":{"line":68,"column":0},"end":{"line":68,"column":18}},"46":{"start":{"line":69,"column":0},"end":{"line":69,"column":22}},"47":{"start":{"line":71,"column":13},"end":{"line":71,"column":53}},"48":{"start":{"line":73,"column":0},"end":{"line":80,"column":5}},"49":{"start":{"line":75,"column":4},"end":{"line":75,"column":81}},"50":{"start":{"line":75,"column":27},"end":{"line":75,"column":79}},"51":{"start":{"line":78,"column":4},"end":{"line":78,"column":48}},"52":{"start":{"line":79,"column":4},"end":{"line":79,"column":20}},"53":{"start":{"line":82,"column":0},"end":{"line":82,"column":19}}},"fnMap":{"0":{"name":"(anonymous_1)","decl":{"start":{"line":39,"column":10},"end":{"line":39,"column":11}},"loc":{"start":{"line":39,"column":25},"end":{"line":42,"column":3}}},"1":{"name":"(anonymous_2)","decl":{"start":{"line":66,"column":23},"end":{"line":66,"column":24}},"loc":{"start":{"line":66,"column":38},"end":{"line":66,"column":92}}},"2":{"name":"(anonymous_3)","decl":{"start":{"line":74,"column":8},"end":{"line":74,"column":11}},"loc":{"start":{"line":74,"column":13},"end":{"line":76,"column":3}}},"3":{"name":"(anonymous_4)","decl":{"start":{"line":75,"column":21},"end":{"line":75,"column":24}},"loc":{"start":{"line":75,"column":27},"end":{"line":75,"column":79}}},"4":{"name":"(anonymous_5)","decl":{"start":{"line":77,"column":9},"end":{"line":77,"column":10}},"loc":{"start":{"line":77,"column":17},"end":{"line":80,"column":3}}}},"branchMap":{"0":{"loc":{"start":{"line":40,"column":4},"end":{"line":40,"column":74}},"type":"if","locations":[{"start":{"line":40,"column":4},"end":{"line":40,"column":74}}]},"1":{"loc":{"start":{"line":40,"column":8},"end":{"line":40,"column":50}},"type":"binary-expr","locations":[{"start":{"line":40,"column":8},"end":{"line":40,"column":15}},{"start":{"line":40,"column":19},"end":{"line":40,"column":50}}]},"2":{"loc":{"start":{"line":48,"column":15},"end":{"line":48,"column":73}},"type":"cond-expr","locations":[{"start":{"line":48,"column":55},"end":{"line":48,"column":65}},{"start":{"line":48,"column":68},"end":{"line":48,"column":73}}]},"3":{"loc":{"start":{"line":71,"column":22},"end":{"line":71,"column":48}},"type":"binary-expr","locations":[{"start":{"line":71,"column":22},"end":{"line":71,"column":38}},{"start":{"line":71,"column":42},"end":{"line":71,"column":48}}]}},"s":{"0":0,"1":0,"2":0,"3":0,"4":0,"5":0,"6":0,"7":0,"8":0,"9":0,"10":0,"11":0,"12":0,"13":0,"14":0,"15":0,"16":0,"17":0,"18":0,"19":0,"20":0,"21":0,"22":0,"23":0,"24":0,"25":0,"26":0,"27":0,"28":0,"29":0,"30":0,"31":0,"32":0,"33":0,"34":0,"35":0,"36":0,"37":0,"38":0,"39":0,"40":0,"41":0,"42":0,"43":0,"44":0,"45":0,"46":0,"47":0,"48":0,"49":0,"50":0,"51":0,"52":0,"53":0},"f":{"0":0,"1":0,"2":0,"3":0,"4":0},"b":{"0":[0],"1":[0,0],"2":[0,0],"3":[0,0]}}
,"/workspaces/claude/gardee-v2/backend/src/config/cloudinary.ts": {"path":"/workspaces/claude/gardee-v2/backend/src/config/cloudinary.ts","statementMap":{"0":{"start":{"line":9,"column":0},"end":{"line":9,"column":7}},"1":{"start":{"line":14,"column":0},"end":{"line":14,"column":7}},"2":{"start":{"line":1,"column":0},"end":{"line":1,"column":46}},"3":{"start":{"line":3,"column":0},"end":{"line":7,"column":3}},"4":{"start":{"line":10,"column":17},"end":{"line":10,"column":69}},"5":{"start":{"line":11,"column":2},"end":{"line":11,"column":72}},"6":{"start":{"line":15,"column":2},"end":{"line":15,"column":46}}},"fnMap":{"0":{"name":"uploadImage","decl":{"start":{"line":9,"column":22},"end":{"line":9,"column":33}},"loc":{"start":{"line":9,"column":64},"end":{"line":12,"column":1}}},"1":{"name":"deleteImage","decl":{"start":{"line":14,"column":22},"end":{"line":14,"column":33}},"loc":{"start":{"line":14,"column":50},"end":{"line":16,"column":1}}}},"branchMap":{},"s":{"0":0,"1":0,"2":0,"3":0,"4":0,"5":0,"6":0},"f":{"0":0,"1":0},"b":{}}
,"/workspaces/claude/gardee-v2/backend/src/config/db.ts": {"path":"/workspaces/claude/gardee-v2/backend/src/config/db.ts","statementMap":{"0":{"start":{"line":3,"column":0},"end":{"line":3,"column":7}},"1":{"start":{"line":1,"column":0},"end":{"line":1,"column":32}},"2":{"start":{"line":4,"column":14},"end":{"line":4,"column":35}},"3":{"start":{"line":5,"column":2},"end":{"line":5,"column":56}},"4":{"start":{"line":5,"column":12},"end":{"line":5,"column":56}},"5":{"start":{"line":6,"column":2},"end":{"line":6,"column":30}},"6":{"start":{"line":7,"column":2},"end":{"line":7,"column":35}}},"fnMap":{"0":{"name":"connectDB","decl":{"start":{"line":3,"column":22},"end":{"line":3,"column":31}},"loc":{"start":{"line":3,"column":31},"end":{"line":8,"column":1}}}},"branchMap":{"0":{"loc":{"start":{"line":5,"column":2},"end":{"line":5,"column":56}},"type":"if","locations":[{"start":{"line":5,"column":2},"end":{"line":5,"column":56}}]}},"s":{"0":0,"1":0,"2":0,"3":0,"4":0,"5":0,"6":0},"f":{"0":0},"b":{"0":[0]}}
,"/workspaces/claude/gardee-v2/backend/src/config/mailer.ts": {"path":"/workspaces/claude/gardee-v2/backend/src/config/mailer.ts","statementMap":{"0":{"start":{"line":13,"column":0},"end":{"line":13,"column":7}},"1":{"start":{"line":1,"column":0},"end":{"line":1,"column":36}},"2":{"start":{"line":3,"column":13},"end":{"line":11,"column":3}},"3":{"start":{"line":14,"column":2},"end":{"line":19,"column":5}}},"fnMap":{"0":{"name":"sendMail","decl":{"start":{"line":13,"column":22},"end":{"line":13,"column":30}},"loc":{"start":{"line":13,"column":72},"end":{"line":20,"column":1}}}},"branchMap":{"0":{"loc":{"start":{"line":15,"column":10},"end":{"line":15,"column":63}},"type":"binary-expr","locations":[{"start":{"line":15,"column":10},"end":{"line":15,"column":31}},{"start":{"line":15,"column":35},"end":{"line":15,"column":63}}]}},"s":{"0":0,"1":0,"2":0,"3":0},"f":{"0":0},"b":{"0":[0,0]}}
,"/workspaces/claude/gardee-v2/backend/src/controllers/adminController.ts": {"path":"/workspaces/claude/gardee-v2/backend/src/controllers/adminController.ts","statementMap":{"0":{"start":{"line":21,"column":0},"end":{"line":21,"column":7}},"1":{"start":{"line":34,"column":0},"end":{"line":34,"column":7}},"2":{"start":{"line":64,"column":0},"end":{"line":64,"column":7}},"3":{"start":{"line":77,"column":0},"end":{"line":77,"column":7}},"4":{"start":{"line":92,"column":0},"end":{"line":92,"column":7}},"5":{"start":{"line":102,"column":0},"end":{"line":102,"column":7}},"6":{"start":{"line":2,"column":0},"end":{"line":2,"column":38}},"7":{"start":{"line":3,"column":0},"end":{"line":3,"column":52}},"8":{"start":{"line":4,"column":0},"end":{"line":4,"column":58}},"9":{"start":{"line":8,"column":2},"end":{"line":8,"column":50}},"10":{"start":{"line":12,"column":42},"end":{"line":12,"column":44}},"11":{"start":{"line":13,"column":2},"end":{"line":16,"column":3}},"12":{"start":{"line":14,"column":18},"end":{"line":14,"column":56}},"13":{"start":{"line":15,"column":4},"end":{"line":15,"column":71}},"14":{"start":{"line":17,"column":2},"end":{"line":17,"column":43}},"15":{"start":{"line":17,"column":18},"end":{"line":17,"column":43}},"16":{"start":{"line":18,"column":2},"end":{"line":18,"column":16}},"17":{"start":{"line":22,"column":54},"end":{"line":22,"column":89}},"18":{"start":{"line":23,"column":15},"end":{"line":23,"column":56}},"19":{"start":{"line":24,"column":17},"end":{"line":24,"column":41}},"20":{"start":{"line":26,"column":25},"end":{"line":29,"column":4}},"21":{"start":{"line":31,"column":2},"end":{"line":31,"column":81}},"22":{"start":{"line":35,"column":42},"end":{"line":35,"column":77}},"23":{"start":{"line":36,"column":15},"end":{"line":36,"column":56}},"24":{"start":{"line":37,"column":13},"end":{"line":37,"column":51}},"25":{"start":{"line":39,"column":47},"end":{"line":39,"column":70}},"26":{"start":{"line":40,"column":2},"end":{"line":43,"column":3}},"27":{"start":{"line":41,"column":18},"end":{"line":41,"column":50}},"28":{"start":{"line":42,"column":4},"end":{"line":42,"column":65}},"29":{"start":{"line":45,"column":26},"end":{"line":52,"column":4}},"30":{"start":{"line":55,"column":16},"end":{"line":59,"column":4}},"31":{"start":{"line":56,"column":14},"end":{"line":56,"column":107}},"32":{"start":{"line":57,"column":20},"end":{"line":57,"column":71}},"33":{"start":{"line":58,"column":4},"end":{"line":58,"column":96}},"34":{"start":{"line":61,"column":2},"end":{"line":61,"column":81}},"35":{"start":{"line":66,"column":22},"end":{"line":67,"column":48}},"36":{"start":{"line":68,"column":2},"end":{"line":71,"column":3}},"37":{"start":{"line":69,"column":4},"end":{"line":69,"column":63}},"38":{"start":{"line":70,"column":4},"end":{"line":70,"column":11}},"39":{"start":{"line":72,"column":2},"end":{"line":72,"column":34}},"40":{"start":{"line":73,"column":2},"end":{"line":73,"column":27}},"41":{"start":{"line":74,"column":2},"end":{"line":74,"column":38}},"42":{"start":{"line":78,"column":19},"end":{"line":78,"column":49}},"43":{"start":{"line":79,"column":30},"end":{"line":79,"column":56}},"44":{"start":{"line":80,"column":2},"end":{"line":83,"column":3}},"45":{"start":{"line":81,"column":4},"end":{"line":81,"column":53}},"46":{"start":{"line":82,"column":4},"end":{"line":82,"column":11}},"47":{"start":{"line":84,"column":15},"end":{"line":84,"column":107}},"48":{"start":{"line":85,"column":2},"end":{"line":88,"column":3}},"49":{"start":{"line":86,"column":4},"end":{"line":86,"column":63}},"50":{"start":{"line":87,"column":4},"end":{"line":87,"column":11}},"51":{"start":{"line":89,"column":2},"end":{"line":89,"column":31}},"52":{"start":{"line":93,"column":15},"end":{"line":93,"column":58}},"53":{"start":{"line":94,"column":2},"end":{"line":97,"column":3}},"54":{"start":{"line":95,"column":4},"end":{"line":95,"column":63}},"55":{"start":{"line":96,"column":4},"end":{"line":96,"column":11}},"56":{"start":{"line":98,"column":2},"end":{"line":98,"column":57}},"57":{"start":{"line":99,"column":2},"end":{"line":99,"column":25}},"58":{"start":{"line":103,"column":15},"end":{"line":103,"column":90}},"59":{"start":{"line":104,"column":16},"end":{"line":104,"column":26}},"60":{"start":{"line":105,"column":2},"end":{"line":105,"column":40}},"61":{"start":{"line":108,"column":22},"end":{"line":108,"column":72}},"62":{"start":{"line":109,"column":21},"end":{"line":109,"column":100}},"63":{"start":{"line":120,"column":6},"end":{"line":139,"column":4}},"64":{"start":{"line":141,"column":2},"end":{"line":149,"column":5}},"65":{"start":{"line":145,"column":35},"end":{"line":145,"column":66}},"66":{"start":{"line":146,"column":41},"end":{"line":146,"column":72}},"67":{"start":{"line":148,"column":67},"end":{"line":148,"column":83}}},"fnMap":{"0":{"name":"escapeRegExp","decl":{"start":{"line":7,"column":9},"end":{"line":7,"column":21}},"loc":{"start":{"line":7,"column":31},"end":{"line":9,"column":1}}},"1":{"name":"buildUserFilter","decl":{"start":{"line":11,"column":9},"end":{"line":11,"column":24}},"loc":{"start":{"line":11,"column":54},"end":{"line":19,"column":1}}},"2":{"name":"listUsers","decl":{"start":{"line":21,"column":22},"end":{"line":21,"column":31}},"loc":{"start":{"line":21,"column":63},"end":{"line":32,"column":1}}},"3":{"name":"listPendingPrestataires","decl":{"start":{"line":34,"column":22},"end":{"line":34,"column":45}},"loc":{"start":{"line":34,"column":77},"end":{"line":62,"column":1}}},"4":{"name":"(anonymous_4)","decl":{"start":{"line":55,"column":27},"end":{"line":55,"column":28}},"loc":{"start":{"line":55,"column":31},"end":{"line":59,"column":3}}},"5":{"name":"validatePrestataire","decl":{"start":{"line":64,"column":22},"end":{"line":64,"column":41}},"loc":{"start":{"line":64,"column":73},"end":{"line":75,"column":1}}},"6":{"name":"updateRole","decl":{"start":{"line":77,"column":22},"end":{"line":77,"column":32}},"loc":{"start":{"line":77,"column":64},"end":{"line":90,"column":1}}},"7":{"name":"deleteUser","decl":{"start":{"line":92,"column":22},"end":{"line":92,"column":32}},"loc":{"start":{"line":92,"column":64},"end":{"line":100,"column":1}}},"8":{"name":"getInsights","decl":{"start":{"line":102,"column":22},"end":{"line":102,"column":33}},"loc":{"start":{"line":102,"column":65},"end":{"line":150,"column":1}}},"9":{"name":"(anonymous_9)","decl":{"start":{"line":145,"column":29},"end":{"line":145,"column":30}},"loc":{"start":{"line":145,"column":35},"end":{"line":145,"column":66}}},"10":{"name":"(anonymous_10)","decl":{"start":{"line":146,"column":35},"end":{"line":146,"column":36}},"loc":{"start":{"line":146,"column":41},"end":{"line":146,"column":72}}},"11":{"name":"(anonymous_11)","decl":{"start":{"line":148,"column":62},"end":{"line":148,"column":63}},"loc":{"start":{"line":148,"column":67},"end":{"line":148,"column":83}}}},"branchMap":{"0":{"loc":{"start":{"line":13,"column":2},"end":{"line":16,"column":3}},"type":"if","locations":[{"start":{"line":13,"column":2},"end":{"line":16,"column":3}}]},"1":{"loc":{"start":{"line":17,"column":2},"end":{"line":17,"column":43}},"type":"if","locations":[{"start":{"line":17,"column":2},"end":{"line":17,"column":43}}]},"2":{"loc":{"start":{"line":22,"column":10},"end":{"line":22,"column":20}},"type":"default-arg","locations":[{"start":{"line":22,"column":17},"end":{"line":22,"column":20}}]},"3":{"loc":{"start":{"line":22,"column":22},"end":{"line":22,"column":37}},"type":"default-arg","locations":[{"start":{"line":22,"column":33},"end":{"line":22,"column":37}}]},"4":{"loc":{"start":{"line":35,"column":10},"end":{"line":35,"column":20}},"type":"default-arg","locations":[{"start":{"line":35,"column":17},"end":{"line":35,"column":20}}]},"5":{"loc":{"start":{"line":35,"column":22},"end":{"line":35,"column":37}},"type":"default-arg","locations":[{"start":{"line":35,"column":33},"end":{"line":35,"column":37}}]},"6":{"loc":{"start":{"line":40,"column":2},"end":{"line":43,"column":3}},"type":"if","locations":[{"start":{"line":40,"column":2},"end":{"line":43,"column":3}}]},"7":{"loc":{"start":{"line":57,"column":20},"end":{"line":57,"column":71}},"type":"cond-expr","locations":[{"start":{"line":57,"column":55},"end":{"line":57,"column":67}},{"start":{"line":57,"column":70},"end":{"line":57,"column":71}}]},"8":{"loc":{"start":{"line":66,"column":22},"end":{"line":67,"column":48}},"type":"binary-expr","locations":[{"start":{"line":66,"column":22},"end":{"line":66,"column":74}},{"start":{"line":67,"column":7},"end":{"line":67,"column":48}}]},"9":{"loc":{"start":{"line":68,"column":2},"end":{"line":71,"column":3}},"type":"if","locations":[{"start":{"line":68,"column":2},"end":{"line":71,"column":3}}]},"10":{"loc":{"start":{"line":80,"column":2},"end":{"line":83,"column":3}},"type":"if","locations":[{"start":{"line":80,"column":2},"end":{"line":83,"column":3}}]},"11":{"loc":{"start":{"line":85,"column":2},"end":{"line":88,"column":3}},"type":"if","locations":[{"start":{"line":85,"column":2},"end":{"line":88,"column":3}}]},"12":{"loc":{"start":{"line":94,"column":2},"end":{"line":97,"column":3}},"type":"if","locations":[{"start":{"line":94,"column":2},"end":{"line":97,"column":3}}]},"13":{"loc":{"start":{"line":103,"column":34},"end":{"line":103,"column":83}},"type":"binary-expr","locations":[{"start":{"line":103,"column":34},"end":{"line":103,"column":75}},{"start":{"line":103,"column":79},"end":{"line":103,"column":83}}]},"14":{"loc":{"start":{"line":108,"column":22},"end":{"line":108,"column":72}},"type":"cond-expr","locations":[{"start":{"line":108,"column":35},"end":{"line":108,"column":40}},{"start":{"line":108,"column":43},"end":{"line":108,"column":72}}]},"15":{"loc":{"start":{"line":108,"column":43},"end":{"line":108,"column":72}},"type":"cond-expr","locations":[{"start":{"line":108,"column":56},"end":{"line":108,"column":62}},{"start":{"line":108,"column":65},"end":{"line":108,"column":72}}]},"16":{"loc":{"start":{"line":109,"column":21},"end":{"line":109,"column":100}},"type":"cond-expr","locations":[{"start":{"line":109,"column":45},"end":{"line":109,"column":55}},{"start":{"line":109,"column":58},"end":{"line":109,"column":100}}]},"17":{"loc":{"start":{"line":109,"column":58},"end":{"line":109,"column":100}},"type":"cond-expr","locations":[{"start":{"line":109,"column":83},"end":{"line":109,"column":90}},{"start":{"line":109,"column":93},"end":{"line":109,"column":100}}]}},"s":{"0":0,"1":0,"2":0,"3":0,"4":0,"5":0,"6":0,"7":0,"8":0,"9":0,"10":0,"11":0,"12":0,"13":0,"14":0,"15":0,"16":0,"17":0,"18":0,"19":0,"20":0,"21":0,"22":0,"23":0,"24":0,"25":0,"26":0,"27":0,"28":0,"29":0,"30":0,"31":0,"32":0,"33":0,"34":0,"35":0,"36":0,"37":0,"38":0,"39":0,"40":0,"41":0,"42":0,"43":0,"44":0,"45":0,"46":0,"47":0,"48":0,"49":0,"50":0,"51":0,"52":0,"53":0,"54":0,"55":0,"56":0,"57":0,"58":0,"59":0,"60":0,"61":0,"62":0,"63":0,"64":0,"65":0,"66":0,"67":0},"f":{"0":0,"1":0,"2":0,"3":0,"4":0,"5":0,"6":0,"7":0,"8":0,"9":0,"10":0,"11":0},"b":{"0":[0],"1":[0],"2":[0],"3":[0],"4":[0],"5":[0],"6":[0],"7":[0,0],"8":[0,0],"9":[0],"10":[0],"11":[0],"12":[0],"13":[0,0],"14":[0,0],"15":[0,0],"16":[0,0],"17":[0,0]}}
,"/workspaces/claude/gardee-v2/backend/src/controllers/authController.ts": {"path":"/workspaces/claude/gardee-v2/backend/src/controllers/authController.ts","statementMap":{"0":{"start":{"line":20,"column":0},"end":{"line":20,"column":7}},"1":{"start":{"line":27,"column":0},"end":{"line":27,"column":7}},"2":{"start":{"line":49,"column":0},"end":{"line":49,"column":7}},"3":{"start":{"line":72,"column":0},"end":{"line":72,"column":7}},"4":{"start":{"line":98,"column":0},"end":{"line":98,"column":7}},"5":{"start":{"line":105,"column":0},"end":{"line":105,"column":7}},"6":{"start":{"line":109,"column":0},"end":{"line":109,"column":7}},"7":{"start":{"line":113,"column":0},"end":{"line":113,"column":7}},"8":{"start":{"line":128,"column":0},"end":{"line":128,"column":7}},"9":{"start":{"line":143,"column":0},"end":{"line":143,"column":7}},"10":{"start":{"line":2,"column":0},"end":{"line":2,"column":30}},"11":{"start":{"line":3,"column":0},"end":{"line":3,"column":32}},"12":{"start":{"line":4,"column":0},"end":{"line":4,"column":38}},"13":{"start":{"line":5,"column":0},"end":{"line":5,"column":52}},"14":{"start":{"line":6,"column":0},"end":{"line":6,"column":54}},"15":{"start":{"line":7,"column":0},"end":{"line":7,"column":56}},"16":{"start":{"line":8,"column":0},"end":{"line":8,"column":70}},"17":{"start":{"line":9,"column":0},"end":{"line":9,"column":91}},"18":{"start":{"line":10,"column":0},"end":{"line":10,"column":55}},"19":{"start":{"line":13,"column":20},"end":{"line":18,"column":2}},"20":{"start":{"line":21,"column":17},"end":{"line":21,"column":70}},"21":{"start":{"line":22,"column":2},"end":{"line":22,"column":74}},"22":{"start":{"line":22,"column":16},"end":{"line":22,"column":64}},"23":{"start":{"line":22,"column":65},"end":{"line":22,"column":72}},"24":{"start":{"line":23,"column":17},"end":{"line":23,"column":64}},"25":{"start":{"line":24,"column":2},"end":{"line":24,"column":23}},"26":{"start":{"line":28,"column":43},"end":{"line":28,"column":119}},"27":{"start":{"line":29,"column":2},"end":{"line":32,"column":3}},"28":{"start":{"line":30,"column":4},"end":{"line":30,"column":67}},"29":{"start":{"line":31,"column":4},"end":{"line":31,"column":11}},"30":{"start":{"line":33,"column":19},"end":{"line":33,"column":69}},"31":{"start":{"line":34,"column":2},"end":{"line":37,"column":3}},"32":{"start":{"line":35,"column":4},"end":{"line":35,"column":76}},"33":{"start":{"line":36,"column":4},"end":{"line":36,"column":11}},"34":{"start":{"line":38,"column":23},"end":{"line":38,"column":54}},"35":{"start":{"line":39,"column":15},"end":{"line":39,"column":105}},"36":{"start":{"line":41,"column":2},"end":{"line":41,"column":47}},"37":{"start":{"line":43,"column":22},"end":{"line":43,"column":47}},"38":{"start":{"line":44,"column":23},"end":{"line":44,"column":57}},"39":{"start":{"line":45,"column":2},"end":{"line":45,"column":57}},"40":{"start":{"line":46,"column":2},"end":{"line":46,"column":73}},"41":{"start":{"line":50,"column":30},"end":{"line":50,"column":77}},"42":{"start":{"line":51,"column":15},"end":{"line":51,"column":66}},"43":{"start":{"line":52,"column":2},"end":{"line":55,"column":3}},"44":{"start":{"line":53,"column":4},"end":{"line":53,"column":62}},"45":{"start":{"line":54,"column":4},"end":{"line":54,"column":11}},"46":{"start":{"line":56,"column":16},"end":{"line":56,"column":65}},"47":{"start":{"line":57,"column":2},"end":{"line":60,"column":3}},"48":{"start":{"line":58,"column":4},"end":{"line":58,"column":62}},"49":{"start":{"line":59,"column":4},"end":{"line":59,"column":11}},"50":{"start":{"line":61,"column":2},"end":{"line":61,"column":31}},"51":{"start":{"line":62,"column":2},"end":{"line":62,"column":20}},"52":{"start":{"line":64,"column":22},"end":{"line":64,"column":69}},"53":{"start":{"line":65,"column":22},"end":{"line":65,"column":47}},"54":{"start":{"line":66,"column":23},"end":{"line":66,"column":57}},"55":{"start":{"line":68,"column":2},"end":{"line":68,"column":57}},"56":{"start":{"line":69,"column":2},"end":{"line":69,"column":68}},"57":{"start":{"line":73,"column":16},"end":{"line":73,"column":64}},"58":{"start":{"line":74,"column":2},"end":{"line":77,"column":3}},"59":{"start":{"line":75,"column":4},"end":{"line":75,"column":54}},"60":{"start":{"line":76,"column":4},"end":{"line":76,"column":11}},"61":{"start":{"line":78,"column":17},"end":{"line":78,"column":54}},"62":{"start":{"line":79,"column":2},"end":{"line":82,"column":3}},"63":{"start":{"line":80,"column":4},"end":{"line":80,"column":64}},"64":{"start":{"line":81,"column":4},"end":{"line":81,"column":11}},"65":{"start":{"line":83,"column":2},"end":{"line":83,"column":27}},"66":{"start":{"line":85,"column":15},"end":{"line":85,"column":47}},"67":{"start":{"line":86,"column":2},"end":{"line":89,"column":3}},"68":{"start":{"line":87,"column":4},"end":{"line":87,"column":63}},"69":{"start":{"line":88,"column":4},"end":{"line":88,"column":11}},"70":{"start":{"line":91,"column":22},"end":{"line":91,"column":47}},"71":{"start":{"line":92,"column":26},"end":{"line":92,"column":60}},"72":{"start":{"line":94,"column":2},"end":{"line":94,"column":60}},"73":{"start":{"line":95,"column":2},"end":{"line":95,"column":28}},"74":{"start":{"line":99,"column":16},"end":{"line":99,"column":64}},"75":{"start":{"line":100,"column":2},"end":{"line":100,"column":53}},"76":{"start":{"line":100,"column":13},"end":{"line":100,"column":53}},"77":{"start":{"line":101,"column":2},"end":{"line":101,"column":35}},"78":{"start":{"line":102,"column":2},"end":{"line":102,"column":25}},"79":{"start":{"line":106,"column":2},"end":{"line":106,"column":64}},"80":{"start":{"line":110,"column":2},"end":{"line":110,"column":71}},"81":{"start":{"line":114,"column":20},"end":{"line":114,"column":49}},"82":{"start":{"line":115,"column":15},"end":{"line":115,"column":66}},"83":{"start":{"line":116,"column":2},"end":{"line":124,"column":3}},"84":{"start":{"line":117,"column":18},"end":{"line":117,"column":28}},"85":{"start":{"line":118,"column":4},"end":{"line":122,"column":7}},"86":{"start":{"line":123,"column":4},"end":{"line":123,"column":53}},"87":{"start":{"line":125,"column":2},"end":{"line":125,"column":25}},"88":{"start":{"line":129,"column":30},"end":{"line":129,"column":77}},"89":{"start":{"line":130,"column":17},"end":{"line":130,"column":68}},"90":{"start":{"line":131,"column":2},"end":{"line":134,"column":3}},"91":{"start":{"line":132,"column":4},"end":{"line":132,"column":64}},"92":{"start":{"line":133,"column":4},"end":{"line":133,"column":11}},"93":{"start":{"line":135,"column":15},"end":{"line":135,"column":46}},"94":{"start":{"line":136,"column":2},"end":{"line":136,"column":68}},"95":{"start":{"line":137,"column":2},"end":{"line":137,"column":55}},"96":{"start":{"line":138,"column":2},"end":{"line":138,"column":21}},"97":{"start":{"line":139,"column":2},"end":{"line":139,"column":22}},"98":{"start":{"line":140,"column":2},"end":{"line":140,"column":25}},"99":{"start":{"line":144,"column":43},"end":{"line":144,"column":103}},"100":{"start":{"line":145,"column":2},"end":{"line":148,"column":3}},"101":{"start":{"line":146,"column":4},"end":{"line":146,"column":63}},"102":{"start":{"line":147,"column":4},"end":{"line":147,"column":11}},"103":{"start":{"line":149,"column":2},"end":{"line":152,"column":3}},"104":{"start":{"line":150,"column":4},"end":{"line":150,"column":91}},"105":{"start":{"line":151,"column":4},"end":{"line":151,"column":11}},"106":{"start":{"line":153,"column":15},"end":{"line":153,"column":24}},"107":{"start":{"line":154,"column":16},"end":{"line":154,"column":73}},"108":{"start":{"line":155,"column":2},"end":{"line":158,"column":3}},"109":{"start":{"line":156,"column":4},"end":{"line":156,"column":69}},"110":{"start":{"line":157,"column":4},"end":{"line":157,"column":11}},"111":{"start":{"line":159,"column":2},"end":{"line":159,"column":57}},"112":{"start":{"line":160,"column":2},"end":{"line":160,"column":20}},"113":{"start":{"line":161,"column":2},"end":{"line":161,"column":25}}},"fnMap":{"0":{"name":"checkEmail","decl":{"start":{"line":20,"column":22},"end":{"line":20,"column":32}},"loc":{"start":{"line":20,"column":60},"end":{"line":25,"column":1}}},"1":{"name":"register","decl":{"start":{"line":27,"column":22},"end":{"line":27,"column":30}},"loc":{"start":{"line":27,"column":58},"end":{"line":47,"column":1}}},"2":{"name":"(anonymous_3)","decl":{"start":{"line":41,"column":37},"end":{"line":41,"column":40}},"loc":{"start":{"line":41,"column":42},"end":{"line":41,"column":45}}},"3":{"name":"login","decl":{"start":{"line":49,"column":22},"end":{"line":49,"column":27}},"loc":{"start":{"line":49,"column":55},"end":{"line":70,"column":1}}},"4":{"name":"refresh","decl":{"start":{"line":72,"column":22},"end":{"line":72,"column":29}},"loc":{"start":{"line":72,"column":57},"end":{"line":96,"column":1}}},"5":{"name":"logout","decl":{"start":{"line":98,"column":22},"end":{"line":98,"column":28}},"loc":{"start":{"line":98,"column":56},"end":{"line":103,"column":1}}},"6":{"name":"me","decl":{"start":{"line":105,"column":22},"end":{"line":105,"column":24}},"loc":{"start":{"line":105,"column":56},"end":{"line":107,"column":1}}},"7":{"name":"getRoles","decl":{"start":{"line":109,"column":22},"end":{"line":109,"column":30}},"loc":{"start":{"line":109,"column":62},"end":{"line":111,"column":1}}},"8":{"name":"forgotPassword","decl":{"start":{"line":113,"column":22},"end":{"line":113,"column":36}},"loc":{"start":{"line":113,"column":64},"end":{"line":126,"column":1}}},"9":{"name":"resetPassword","decl":{"start":{"line":128,"column":22},"end":{"line":128,"column":35}},"loc":{"start":{"line":128,"column":63},"end":{"line":141,"column":1}}},"10":{"name":"changePassword","decl":{"start":{"line":143,"column":22},"end":{"line":143,"column":36}},"loc":{"start":{"line":143,"column":68},"end":{"line":162,"column":1}}}},"branchMap":{"0":{"loc":{"start":{"line":17,"column":19},"end":{"line":17,"column":55}},"type":"binary-expr","locations":[{"start":{"line":17,"column":19},"end":{"line":17,"column":47}},{"start":{"line":17,"column":51},"end":{"line":17,"column":55}}]},"1":{"loc":{"start":{"line":22,"column":2},"end":{"line":22,"column":74}},"type":"if","locations":[{"start":{"line":22,"column":2},"end":{"line":22,"column":74}}]},"2":{"loc":{"start":{"line":29,"column":2},"end":{"line":32,"column":3}},"type":"if","locations":[{"start":{"line":29,"column":2},"end":{"line":32,"column":3}}]},"3":{"loc":{"start":{"line":29,"column":6},"end":{"line":29,"column":44}},"type":"binary-expr","locations":[{"start":{"line":29,"column":6},"end":{"line":29,"column":12}},{"start":{"line":29,"column":16},"end":{"line":29,"column":25}},{"start":{"line":29,"column":29},"end":{"line":29,"column":33}},{"start":{"line":29,"column":37},"end":{"line":29,"column":44}}]},"4":{"loc":{"start":{"line":34,"column":2},"end":{"line":37,"column":3}},"type":"if","locations":[{"start":{"line":34,"column":2},"end":{"line":37,"column":3}}]},"5":{"loc":{"start":{"line":52,"column":2},"end":{"line":55,"column":3}},"type":"if","locations":[{"start":{"line":52,"column":2},"end":{"line":55,"column":3}}]},"6":{"loc":{"start":{"line":52,"column":6},"end":{"line":52,"column":33}},"type":"binary-expr","locations":[{"start":{"line":52,"column":6},"end":{"line":52,"column":11}},{"start":{"line":52,"column":15},"end":{"line":52,"column":33}}]},"7":{"loc":{"start":{"line":57,"column":2},"end":{"line":60,"column":3}},"type":"if","locations":[{"start":{"line":57,"column":2},"end":{"line":60,"column":3}}]},"8":{"loc":{"start":{"line":74,"column":2},"end":{"line":77,"column":3}},"type":"if","locations":[{"start":{"line":74,"column":2},"end":{"line":77,"column":3}}]},"9":{"loc":{"start":{"line":79,"column":2},"end":{"line":82,"column":3}},"type":"if","locations":[{"start":{"line":79,"column":2},"end":{"line":82,"column":3}}]},"10":{"loc":{"start":{"line":79,"column":6},"end":{"line":79,"column":46}},"type":"binary-expr","locations":[{"start":{"line":79,"column":6},"end":{"line":79,"column":13}},{"start":{"line":79,"column":17},"end":{"line":79,"column":46}}]},"11":{"loc":{"start":{"line":86,"column":2},"end":{"line":89,"column":3}},"type":"if","locations":[{"start":{"line":86,"column":2},"end":{"line":89,"column":3}}]},"12":{"loc":{"start":{"line":100,"column":2},"end":{"line":100,"column":53}},"type":"if","locations":[{"start":{"line":100,"column":2},"end":{"line":100,"column":53}}]},"13":{"loc":{"start":{"line":116,"column":2},"end":{"line":124,"column":3}},"type":"if","locations":[{"start":{"line":116,"column":2},"end":{"line":124,"column":3}}]},"14":{"loc":{"start":{"line":131,"column":2},"end":{"line":134,"column":3}},"type":"if","locations":[{"start":{"line":131,"column":2},"end":{"line":134,"column":3}}]},"15":{"loc":{"start":{"line":131,"column":6},"end":{"line":131,"column":46}},"type":"binary-expr","locations":[{"start":{"line":131,"column":6},"end":{"line":131,"column":13}},{"start":{"line":131,"column":17},"end":{"line":131,"column":46}}]},"16":{"loc":{"start":{"line":145,"column":2},"end":{"line":148,"column":3}},"type":"if","locations":[{"start":{"line":145,"column":2},"end":{"line":148,"column":3}}]},"17":{"loc":{"start":{"line":145,"column":6},"end":{"line":145,"column":38}},"type":"binary-expr","locations":[{"start":{"line":145,"column":6},"end":{"line":145,"column":22}},{"start":{"line":145,"column":26},"end":{"line":145,"column":38}}]},"18":{"loc":{"start":{"line":149,"column":2},"end":{"line":152,"column":3}},"type":"if","locations":[{"start":{"line":149,"column":2},"end":{"line":152,"column":3}}]},"19":{"loc":{"start":{"line":155,"column":2},"end":{"line":158,"column":3}},"type":"if","locations":[{"start":{"line":155,"column":2},"end":{"line":158,"column":3}}]}},"s":{"0":0,"1":0,"2":0,"3":0,"4":0,"5":0,"6":0,"7":0,"8":0,"9":0,"10":0,"11":0,"12":0,"13":0,"14":0,"15":0,"16":0,"17":0,"18":0,"19":0,"20":0,"21":0,"22":0,"23":0,"24":0,"25":0,"26":0,"27":0,"28":0,"29":0,"30":0,"31":0,"32":0,"33":0,"34":0,"35":0,"36":0,"37":0,"38":0,"39":0,"40":0,"41":0,"42":0,"43":0,"44":0,"45":0,"46":0,"47":0,"48":0,"49":0,"50":0,"51":0,"52":0,"53":0,"54":0,"55":0,"56":0,"57":0,"58":0,"59":0,"60":0,"61":0,"62":0,"63":0,"64":0,"65":0,"66":0,"67":0,"68":0,"69":0,"70":0,"71":0,"72":0,"73":0,"74":0,"75":0,"76":0,"77":0,"78":0,"79":0,"80":0,"81":0,"82":0,"83":0,"84":0,"85":0,"86":0,"87":0,"88":0,"89":0,"90":0,"91":0,"92":0,"93":0,"94":0,"95":0,"96":0,"97":0,"98":0,"99":0,"100":0,"101":0,"102":0,"103":0,"104":0,"105":0,"106":0,"107":0,"108":0,"109":0,"110":0,"111":0,"112":0,"113":0},"f":{"0":0,"1":0,"2":0,"3":0,"4":0,"5":0,"6":0,"7":0,"8":0,"9":0,"10":0},"b":{"0":[0,0],"1":[0],"2":[0],"3":[0,0,0,0],"4":[0],"5":[0],"6":[0,0],"7":[0],"8":[0],"9":[0],"10":[0,0],"11":[0],"12":[0],"13":[0],"14":[0],"15":[0,0],"16":[0],"17":[0,0],"18":[0],"19":[0]}}
,"/workspaces/claude/gardee-v2/backend/src/controllers/messageController.ts": {"path":"/workspaces/claude/gardee-v2/backend/src/controllers/messageController.ts","statementMap":{"0":{"start":{"line":10,"column":0},"end":{"line":10,"column":7}},"1":{"start":{"line":58,"column":0},"end":{"line":58,"column":7}},"2":{"start":{"line":108,"column":0},"end":{"line":108,"column":7}},"3":{"start":{"line":122,"column":0},"end":{"line":122,"column":7}},"4":{"start":{"line":143,"column":0},"end":{"line":143,"column":7}},"5":{"start":{"line":165,"column":0},"end":{"line":165,"column":7}},"6":{"start":{"line":191,"column":0},"end":{"line":191,"column":7}},"7":{"start":{"line":2,"column":0},"end":{"line":2,"column":37}},"8":{"start":{"line":3,"column":0},"end":{"line":3,"column":58}},"9":{"start":{"line":4,"column":0},"end":{"line":4,"column":38}},"10":{"start":{"line":6,"column":0},"end":{"line":6,"column":96}},"11":{"start":{"line":7,"column":0},"end":{"line":7,"column":57}},"12":{"start":{"line":11,"column":22},"end":{"line":11,"column":53}},"13":{"start":{"line":12,"column":2},"end":{"line":15,"column":3}},"14":{"start":{"line":13,"column":4},"end":{"line":13,"column":72}},"15":{"start":{"line":14,"column":4},"end":{"line":14,"column":11}},"16":{"start":{"line":17,"column":18},"end":{"line":20,"column":4}},"17":{"start":{"line":21,"column":2},"end":{"line":24,"column":3}},"18":{"start":{"line":22,"column":4},"end":{"line":22,"column":59}},"19":{"start":{"line":23,"column":4},"end":{"line":23,"column":11}},"20":{"start":{"line":26,"column":16},"end":{"line":26,"column":47}},"21":{"start":{"line":27,"column":2},"end":{"line":27,"column":31}},"22":{"start":{"line":28,"column":2},"end":{"line":28,"column":74}},"23":{"start":{"line":30,"column":19},"end":{"line":30,"column":57}},"24":{"start":{"line":31,"column":2},"end":{"line":37,"column":52}},"25":{"start":{"line":39,"column":2},"end":{"line":39,"column":23}},"26":{"start":{"line":41,"column":2},"end":{"line":41,"column":91}},"27":{"start":{"line":44,"column":21},"end":{"line":44,"column":74}},"28":{"start":{"line":45,"column":2},"end":{"line":52,"column":3}},"29":{"start":{"line":46,"column":4},"end":{"line":51,"column":23}},"30":{"start":{"line":54,"column":2},"end":{"line":54,"column":53}},"31":{"start":{"line":59,"column":29},"end":{"line":59,"column":75}},"32":{"start":{"line":60,"column":2},"end":{"line":63,"column":3}},"33":{"start":{"line":61,"column":4},"end":{"line":61,"column":72}},"34":{"start":{"line":62,"column":4},"end":{"line":62,"column":11}},"35":{"start":{"line":65,"column":18},"end":{"line":68,"column":4}},"36":{"start":{"line":69,"column":2},"end":{"line":72,"column":3}},"37":{"start":{"line":70,"column":4},"end":{"line":70,"column":63}},"38":{"start":{"line":71,"column":4},"end":{"line":71,"column":11}},"39":{"start":{"line":74,"column":21},"end":{"line":76,"column":28}},"40":{"start":{"line":78,"column":2},"end":{"line":84,"column":52}},"41":{"start":{"line":87,"column":19},"end":{"line":87,"column":50}},"42":{"start":{"line":88,"column":2},"end":{"line":88,"column":34}},"43":{"start":{"line":89,"column":2},"end":{"line":89,"column":74}},"44":{"start":{"line":91,"column":2},"end":{"line":91,"column":23}},"45":{"start":{"line":93,"column":22},"end":{"line":93,"column":64}},"46":{"start":{"line":94,"column":2},"end":{"line":102,"column":3}},"47":{"start":{"line":95,"column":4},"end":{"line":95,"column":103}},"48":{"start":{"line":96,"column":4},"end":{"line":101,"column":23}},"49":{"start":{"line":104,"column":2},"end":{"line":104,"column":35}},"50":{"start":{"line":109,"column":18},"end":{"line":112,"column":102}},"51":{"start":{"line":114,"column":2},"end":{"line":117,"column":3}},"52":{"start":{"line":115,"column":4},"end":{"line":115,"column":59}},"53":{"start":{"line":116,"column":4},"end":{"line":116,"column":11}},"54":{"start":{"line":118,"column":2},"end":{"line":118,"column":72}},"55":{"start":{"line":123,"column":20},"end":{"line":123,"column":50}},"56":{"start":{"line":124,"column":18},"end":{"line":127,"column":81}},"57":{"start":{"line":129,"column":2},"end":{"line":132,"column":3}},"58":{"start":{"line":130,"column":4},"end":{"line":130,"column":63}},"59":{"start":{"line":131,"column":4},"end":{"line":131,"column":11}},"60":{"start":{"line":134,"column":22},"end":{"line":134,"column":85}},"61":{"start":{"line":135,"column":2},"end":{"line":139,"column":5}},"62":{"start":{"line":144,"column":19},"end":{"line":149,"column":28}},"63":{"start":{"line":151,"column":18},"end":{"line":159,"column":5}},"64":{"start":{"line":151,"column":37},"end":{"line":159,"column":4}},"65":{"start":{"line":161,"column":2},"end":{"line":161,"column":24}},"66":{"start":{"line":166,"column":19},"end":{"line":171,"column":28}},"67":{"start":{"line":173,"column":25},"end":{"line":173,"column":84}},"68":{"start":{"line":173,"column":55},"end":{"line":173,"column":81}},"69":{"start":{"line":174,"column":23},"end":{"line":174,"column":93}},"70":{"start":{"line":175,"column":18},"end":{"line":175,"column":99}},"71":{"start":{"line":175,"column":48},"end":{"line":175,"column":97}},"72":{"start":{"line":177,"column":18},"end":{"line":185,"column":5}},"73":{"start":{"line":177,"column":37},"end":{"line":185,"column":4}},"74":{"start":{"line":187,"column":2},"end":{"line":187,"column":24}},"75":{"start":{"line":192,"column":22},"end":{"line":192,"column":53}},"76":{"start":{"line":193,"column":2},"end":{"line":196,"column":3}},"77":{"start":{"line":194,"column":4},"end":{"line":194,"column":72}},"78":{"start":{"line":195,"column":4},"end":{"line":195,"column":11}},"79":{"start":{"line":198,"column":18},"end":{"line":201,"column":4}},"80":{"start":{"line":202,"column":2},"end":{"line":205,"column":3}},"81":{"start":{"line":203,"column":4},"end":{"line":203,"column":59}},"82":{"start":{"line":204,"column":4},"end":{"line":204,"column":11}},"83":{"start":{"line":207,"column":21},"end":{"line":207,"column":59}},"84":{"start":{"line":208,"column":2},"end":{"line":214,"column":52}},"85":{"start":{"line":216,"column":2},"end":{"line":216,"column":23}},"86":{"start":{"line":218,"column":22},"end":{"line":218,"column":64}},"87":{"start":{"line":219,"column":2},"end":{"line":227,"column":3}},"88":{"start":{"line":220,"column":4},"end":{"line":220,"column":103}},"89":{"start":{"line":221,"column":4},"end":{"line":226,"column":23}},"90":{"start":{"line":229,"column":2},"end":{"line":229,"column":53}}},"fnMap":{"0":{"name":"sendMessage","decl":{"start":{"line":10,"column":22},"end":{"line":10,"column":33}},"loc":{"start":{"line":10,"column":65},"end":{"line":55,"column":1}}},"1":{"name":"(anonymous_1)","decl":{"start":{"line":41,"column":81},"end":{"line":41,"column":84}},"loc":{"start":{"line":41,"column":86},"end":{"line":41,"column":89}}},"2":{"name":"(anonymous_2)","decl":{"start":{"line":51,"column":13},"end":{"line":51,"column":16}},"loc":{"start":{"line":51,"column":18},"end":{"line":51,"column":21}}},"3":{"name":"replyByToken","decl":{"start":{"line":58,"column":22},"end":{"line":58,"column":34}},"loc":{"start":{"line":58,"column":62},"end":{"line":105,"column":1}}},"4":{"name":"(anonymous_4)","decl":{"start":{"line":95,"column":93},"end":{"line":95,"column":96}},"loc":{"start":{"line":95,"column":98},"end":{"line":95,"column":101}}},"5":{"name":"(anonymous_5)","decl":{"start":{"line":101,"column":13},"end":{"line":101,"column":16}},"loc":{"start":{"line":101,"column":18},"end":{"line":101,"column":21}}},"6":{"name":"getMessages","decl":{"start":{"line":108,"column":22},"end":{"line":108,"column":33}},"loc":{"start":{"line":108,"column":65},"end":{"line":119,"column":1}}},"7":{"name":"getThreadByToken","decl":{"start":{"line":122,"column":22},"end":{"line":122,"column":38}},"loc":{"start":{"line":122,"column":66},"end":{"line":140,"column":1}}},"8":{"name":"listThreads","decl":{"start":{"line":143,"column":22},"end":{"line":143,"column":33}},"loc":{"start":{"line":143,"column":65},"end":{"line":162,"column":1}}},"9":{"name":"(anonymous_9)","decl":{"start":{"line":151,"column":31},"end":{"line":151,"column":32}},"loc":{"start":{"line":151,"column":37},"end":{"line":159,"column":4}}},"10":{"name":"listClientThreads","decl":{"start":{"line":165,"column":22},"end":{"line":165,"column":39}},"loc":{"start":{"line":165,"column":71},"end":{"line":188,"column":1}}},"11":{"name":"(anonymous_11)","decl":{"start":{"line":173,"column":50},"end":{"line":173,"column":51}},"loc":{"start":{"line":173,"column":55},"end":{"line":173,"column":81}}},"12":{"name":"(anonymous_12)","decl":{"start":{"line":175,"column":43},"end":{"line":175,"column":44}},"loc":{"start":{"line":175,"column":48},"end":{"line":175,"column":97}}},"13":{"name":"(anonymous_13)","decl":{"start":{"line":177,"column":31},"end":{"line":177,"column":32}},"loc":{"start":{"line":177,"column":37},"end":{"line":185,"column":4}}},"14":{"name":"clientSendMessage","decl":{"start":{"line":191,"column":22},"end":{"line":191,"column":39}},"loc":{"start":{"line":191,"column":71},"end":{"line":230,"column":1}}},"15":{"name":"(anonymous_15)","decl":{"start":{"line":220,"column":93},"end":{"line":220,"column":96}},"loc":{"start":{"line":220,"column":98},"end":{"line":220,"column":101}}},"16":{"name":"(anonymous_16)","decl":{"start":{"line":226,"column":13},"end":{"line":226,"column":16}},"loc":{"start":{"line":226,"column":18},"end":{"line":226,"column":21}}}},"branchMap":{"0":{"loc":{"start":{"line":12,"column":2},"end":{"line":15,"column":3}},"type":"if","locations":[{"start":{"line":12,"column":2},"end":{"line":15,"column":3}}]},"1":{"loc":{"start":{"line":21,"column":2},"end":{"line":24,"column":3}},"type":"if","locations":[{"start":{"line":21,"column":2},"end":{"line":24,"column":3}}]},"2":{"loc":{"start":{"line":45,"column":2},"end":{"line":52,"column":3}},"type":"if","locations":[{"start":{"line":45,"column":2},"end":{"line":52,"column":3}}]},"3":{"loc":{"start":{"line":60,"column":2},"end":{"line":63,"column":3}},"type":"if","locations":[{"start":{"line":60,"column":2},"end":{"line":63,"column":3}}]},"4":{"loc":{"start":{"line":69,"column":2},"end":{"line":72,"column":3}},"type":"if","locations":[{"start":{"line":69,"column":2},"end":{"line":72,"column":3}}]},"5":{"loc":{"start":{"line":74,"column":21},"end":{"line":76,"column":28}},"type":"cond-expr","locations":[{"start":{"line":75,"column":6},"end":{"line":75,"column":71}},{"start":{"line":76,"column":6},"end":{"line":76,"column":28}}]},"6":{"loc":{"start":{"line":75,"column":36},"end":{"line":75,"column":62}},"type":"binary-expr","locations":[{"start":{"line":75,"column":36},"end":{"line":75,"column":56}},{"start":{"line":75,"column":60},"end":{"line":75,"column":62}}]},"7":{"loc":{"start":{"line":94,"column":2},"end":{"line":102,"column":3}},"type":"if","locations":[{"start":{"line":94,"column":2},"end":{"line":102,"column":3}}]},"8":{"loc":{"start":{"line":114,"column":2},"end":{"line":117,"column":3}},"type":"if","locations":[{"start":{"line":114,"column":2},"end":{"line":117,"column":3}}]},"9":{"loc":{"start":{"line":129,"column":2},"end":{"line":132,"column":3}},"type":"if","locations":[{"start":{"line":129,"column":2},"end":{"line":132,"column":3}}]},"10":{"loc":{"start":{"line":137,"column":21},"end":{"line":137,"column":82}},"type":"cond-expr","locations":[{"start":{"line":137,"column":35},"end":{"line":137,"column":77}},{"start":{"line":137,"column":80},"end":{"line":137,"column":82}}]},"11":{"loc":{"start":{"line":154,"column":19},"end":{"line":154,"column":111}},"type":"cond-expr","locations":[{"start":{"line":154,"column":39},"end":{"line":154,"column":92}},{"start":{"line":154,"column":95},"end":{"line":154,"column":111}}]},"12":{"loc":{"start":{"line":154,"column":63},"end":{"line":154,"column":83}},"type":"binary-expr","locations":[{"start":{"line":154,"column":63},"end":{"line":154,"column":77}},{"start":{"line":154,"column":81},"end":{"line":154,"column":83}}]},"13":{"loc":{"start":{"line":179,"column":21},"end":{"line":179,"column":77}},"type":"binary-expr","locations":[{"start":{"line":179,"column":21},"end":{"line":179,"column":60}},{"start":{"line":179,"column":64},"end":{"line":179,"column":77}}]},"14":{"loc":{"start":{"line":193,"column":2},"end":{"line":196,"column":3}},"type":"if","locations":[{"start":{"line":193,"column":2},"end":{"line":196,"column":3}}]},"15":{"loc":{"start":{"line":202,"column":2},"end":{"line":205,"column":3}},"type":"if","locations":[{"start":{"line":202,"column":2},"end":{"line":205,"column":3}}]},"16":{"loc":{"start":{"line":219,"column":2},"end":{"line":227,"column":3}},"type":"if","locations":[{"start":{"line":219,"column":2},"end":{"line":227,"column":3}}]}},"s":{"0":0,"1":0,"2":0,"3":0,"4":0,"5":0,"6":0,"7":0,"8":0,"9":0,"10":0,"11":0,"12":0,"13":0,"14":0,"15":0,"16":0,"17":0,"18":0,"19":0,"20":0,"21":0,"22":0,"23":0,"24":0,"25":0,"26":0,"27":0,"28":0,"29":0,"30":0,"31":0,"32":0,"33":0,"34":0,"35":0,"36":0,"37":0,"38":0,"39":0,"40":0,"41":0,"42":0,"43":0,"44":0,"45":0,"46":0,"47":0,"48":0,"49":0,"50":0,"51":0,"52":0,"53":0,"54":0,"55":0,"56":0,"57":0,"58":0,"59":0,"60":0,"61":0,"62":0,"63":0,"64":0,"65":0,"66":0,"67":0,"68":0,"69":0,"70":0,"71":0,"72":0,"73":0,"74":0,"75":0,"76":0,"77":0,"78":0,"79":0,"80":0,"81":0,"82":0,"83":0,"84":0,"85":0,"86":0,"87":0,"88":0,"89":0,"90":0},"f":{"0":0,"1":0,"2":0,"3":0,"4":0,"5":0,"6":0,"7":0,"8":0,"9":0,"10":0,"11":0,"12":0,"13":0,"14":0,"15":0,"16":0},"b":{"0":[0],"1":[0],"2":[0],"3":[0],"4":[0],"5":[0,0],"6":[0,0],"7":[0],"8":[0],"9":[0],"10":[0,0],"11":[0,0],"12":[0,0],"13":[0,0],"14":[0],"15":[0],"16":[0]}}
,"/workspaces/claude/gardee-v2/backend/src/controllers/prestataireController.ts": {"path":"/workspaces/claude/gardee-v2/backend/src/controllers/prestataireController.ts","statementMap":{"0":{"start":{"line":16,"column":0},"end":{"line":16,"column":7}},"1":{"start":{"line":82,"column":0},"end":{"line":82,"column":7}},"2":{"start":{"line":107,"column":0},"end":{"line":107,"column":7}},"3":{"start":{"line":132,"column":0},"end":{"line":132,"column":7}},"4":{"start":{"line":147,"column":0},"end":{"line":147,"column":7}},"5":{"start":{"line":203,"column":0},"end":{"line":203,"column":7}},"6":{"start":{"line":239,"column":0},"end":{"line":239,"column":7}},"7":{"start":{"line":269,"column":0},"end":{"line":269,"column":7}},"8":{"start":{"line":4,"column":2},"end":{"line":4,"column":50}},"9":{"start":{"line":6,"column":0},"end":{"line":6,"column":30}},"10":{"start":{"line":8,"column":0},"end":{"line":8,"column":38}},"11":{"start":{"line":9,"column":0},"end":{"line":9,"column":52}},"12":{"start":{"line":10,"column":0},"end":{"line":10,"column":52}},"13":{"start":{"line":11,"column":0},"end":{"line":11,"column":57}},"14":{"start":{"line":12,"column":0},"end":{"line":12,"column":60}},"15":{"start":{"line":13,"column":0},"end":{"line":13,"column":55}},"16":{"start":{"line":17,"column":15},"end":{"line":17,"column":50}},"17":{"start":{"line":18,"column":54},"end":{"line":18,"column":58}},"18":{"start":{"line":20,"column":2},"end":{"line":23,"column":3}},"19":{"start":{"line":21,"column":4},"end":{"line":21,"column":69}},"20":{"start":{"line":22,"column":4},"end":{"line":22,"column":11}},"21":{"start":{"line":25,"column":17},"end":{"line":25,"column":79}},"22":{"start":{"line":26,"column":2},"end":{"line":29,"column":3}},"23":{"start":{"line":27,"column":4},"end":{"line":27,"column":58}},"24":{"start":{"line":28,"column":4},"end":{"line":28,"column":11}},"25":{"start":{"line":31,"column":23},"end":{"line":31,"column":64}},"26":{"start":{"line":32,"column":15},"end":{"line":40,"column":4}},"27":{"start":{"line":42,"column":22},"end":{"line":57,"column":4}},"28":{"start":{"line":59,"column":2},"end":{"line":67,"column":3}},"29":{"start":{"line":60,"column":19},"end":{"line":60,"column":117}},"30":{"start":{"line":61,"column":4},"end":{"line":66,"column":5}},"31":{"start":{"line":62,"column":6},"end":{"line":62,"column":85}},"32":{"start":{"line":63,"column":6},"end":{"line":63,"column":31}},"33":{"start":{"line":69,"column":2},"end":{"line":76,"column":5}},"34":{"start":{"line":70,"column":4},"end":{"line":75,"column":5}},"35":{"start":{"line":71,"column":6},"end":{"line":71,"column":80}},"36":{"start":{"line":72,"column":6},"end":{"line":72,"column":39}},"37":{"start":{"line":73,"column":6},"end":{"line":73,"column":42}},"38":{"start":{"line":74,"column":6},"end":{"line":74,"column":31}},"39":{"start":{"line":78,"column":2},"end":{"line":78,"column":47}},"40":{"start":{"line":79,"column":2},"end":{"line":79,"column":92}},"41":{"start":{"line":83,"column":2},"end":{"line":86,"column":3}},"42":{"start":{"line":84,"column":4},"end":{"line":84,"column":76}},"43":{"start":{"line":85,"column":4},"end":{"line":85,"column":11}},"44":{"start":{"line":87,"column":15},"end":{"line":87,"column":50}},"45":{"start":{"line":88,"column":22},"end":{"line":103,"column":4}},"46":{"start":{"line":104,"column":2},"end":{"line":104,"column":112}},"47":{"start":{"line":108,"column":2},"end":{"line":111,"column":3}},"48":{"start":{"line":109,"column":4},"end":{"line":109,"column":70}},"49":{"start":{"line":110,"column":4},"end":{"line":110,"column":11}},"50":{"start":{"line":112,"column":19},"end":{"line":113,"column":84}},"51":{"start":{"line":114,"column":15},"end":{"line":114,"column":50}},"52":{"start":{"line":115,"column":16},"end":{"line":115,"column":31}},"53":{"start":{"line":117,"column":2},"end":{"line":121,"column":3}},"54":{"start":{"line":118,"column":4},"end":{"line":120,"column":5}},"55":{"start":{"line":119,"column":7},"end":{"line":119,"column":73}},"56":{"start":{"line":123,"column":2},"end":{"line":126,"column":3}},"57":{"start":{"line":124,"column":19},"end":{"line":124,"column":117}},"58":{"start":{"line":125,"column":4},"end":{"line":125,"column":82}},"59":{"start":{"line":128,"column":2},"end":{"line":128,"column":21}},"60":{"start":{"line":129,"column":2},"end":{"line":129,"column":54}},"61":{"start":{"line":133,"column":15},"end":{"line":133,"column":49}},"62":{"start":{"line":134,"column":2},"end":{"line":137,"column":3}},"63":{"start":{"line":135,"column":4},"end":{"line":135,"column":63}},"64":{"start":{"line":136,"column":4},"end":{"line":136,"column":11}},"65":{"start":{"line":138,"column":22},"end":{"line":138,"column":69}},"66":{"start":{"line":139,"column":2},"end":{"line":142,"column":3}},"67":{"start":{"line":140,"column":4},"end":{"line":140,"column":63}},"68":{"start":{"line":141,"column":4},"end":{"line":141,"column":11}},"69":{"start":{"line":143,"column":45},"end":{"line":143,"column":60}},"70":{"start":{"line":144,"column":2},"end":{"line":144,"column":96}},"71":{"start":{"line":148,"column":80},"end":{"line":148,"column":115}},"72":{"start":{"line":149,"column":15},"end":{"line":149,"column":56}},"73":{"start":{"line":151,"column":47},"end":{"line":151,"column":69}},"74":{"start":{"line":152,"column":2},"end":{"line":152,"column":55}},"75":{"start":{"line":152,"column":18},"end":{"line":152,"column":55}},"76":{"start":{"line":153,"column":2},"end":{"line":153,"column":70}},"77":{"start":{"line":153,"column":13},"end":{"line":153,"column":70}},"78":{"start":{"line":155,"column":2},"end":{"line":161,"column":3}},"79":{"start":{"line":156,"column":4},"end":{"line":160,"column":6}},"80":{"start":{"line":164,"column":2},"end":{"line":165,"column":65}},"81":{"start":{"line":164,"column":25},"end":{"line":164,"column":80}},"82":{"start":{"line":165,"column":7},"end":{"line":165,"column":65}},"83":{"start":{"line":165,"column":33},"end":{"line":165,"column":65}},"84":{"start":{"line":167,"column":20},"end":{"line":167,"column":161}},"85":{"start":{"line":170,"column":14},"end":{"line":170,"column":23}},"86":{"start":{"line":171,"column":2},"end":{"line":171,"column":47}},"87":{"start":{"line":171,"column":17},"end":{"line":171,"column":47}},"88":{"start":{"line":173,"column":14},"end":{"line":173,"column":25}},"89":{"start":{"line":175,"column":19},"end":{"line":181,"column":9}},"90":{"start":{"line":177,"column":18},"end":{"line":177,"column":61}},"91":{"start":{"line":178,"column":22},"end":{"line":178,"column":40}},"92":{"start":{"line":179,"column":8},"end":{"line":179,"column":128}},"93":{"start":{"line":179,"column":113},"end":{"line":179,"column":126}},"94":{"start":{"line":183,"column":16},"end":{"line":183,"column":31}},"95":{"start":{"line":184,"column":16},"end":{"line":198,"column":4}},"96":{"start":{"line":185,"column":14},"end":{"line":185,"column":70}},"97":{"start":{"line":186,"column":4},"end":{"line":197,"column":6}},"98":{"start":{"line":200,"column":2},"end":{"line":200,"column":81}},"99":{"start":{"line":204,"column":61},"end":{"line":204,"column":96}},"100":{"start":{"line":205,"column":15},"end":{"line":205,"column":56}},"101":{"start":{"line":207,"column":42},"end":{"line":207,"column":64}},"102":{"start":{"line":208,"column":2},"end":{"line":208,"column":50}},"103":{"start":{"line":208,"column":18},"end":{"line":208,"column":50}},"104":{"start":{"line":209,"column":2},"end":{"line":209,"column":65}},"105":{"start":{"line":209,"column":13},"end":{"line":209,"column":65}},"106":{"start":{"line":211,"column":26},"end":{"line":218,"column":4}},"107":{"start":{"line":220,"column":16},"end":{"line":234,"column":4}},"108":{"start":{"line":221,"column":14},"end":{"line":221,"column":70}},"109":{"start":{"line":222,"column":4},"end":{"line":233,"column":6}},"110":{"start":{"line":236,"column":2},"end":{"line":236,"column":81}},"111":{"start":{"line":240,"column":29},"end":{"line":240,"column":69}},"112":{"start":{"line":241,"column":17},"end":{"line":241,"column":27}},"113":{"start":{"line":242,"column":42},"end":{"line":242,"column":77}},"114":{"start":{"line":243,"column":15},"end":{"line":243,"column":56}},"115":{"start":{"line":245,"column":22},"end":{"line":246,"column":95}},"116":{"start":{"line":247,"column":2},"end":{"line":250,"column":3}},"117":{"start":{"line":248,"column":4},"end":{"line":248,"column":63}},"118":{"start":{"line":249,"column":4},"end":{"line":249,"column":11}},"119":{"start":{"line":252,"column":17},"end":{"line":252,"column":72}},"120":{"start":{"line":253,"column":25},"end":{"line":260,"column":4}},"121":{"start":{"line":262,"column":12},"end":{"line":262,"column":78}},"122":{"start":{"line":263,"column":2},"end":{"line":266,"column":5}},"123":{"start":{"line":270,"column":22},"end":{"line":270,"column":74}},"124":{"start":{"line":271,"column":2},"end":{"line":274,"column":3}},"125":{"start":{"line":272,"column":4},"end":{"line":272,"column":63}},"126":{"start":{"line":273,"column":4},"end":{"line":273,"column":11}},"127":{"start":{"line":275,"column":14},"end":{"line":275,"column":98}},"128":{"start":{"line":276,"column":2},"end":{"line":281,"column":3}},"129":{"start":{"line":277,"column":4},"end":{"line":277,"column":78}},"130":{"start":{"line":278,"column":4},"end":{"line":278,"column":37}},"131":{"start":{"line":280,"column":4},"end":{"line":280,"column":44}},"132":{"start":{"line":282,"column":2},"end":{"line":282,"column":38}},"133":{"start":{"line":283,"column":2},"end":{"line":283,"column":27}},"134":{"start":{"line":284,"column":2},"end":{"line":284,"column":81}}},"fnMap":{"0":{"name":"escapeRegExp","decl":{"start":{"line":3,"column":9},"end":{"line":3,"column":21}},"loc":{"start":{"line":3,"column":31},"end":{"line":5,"column":1}}},"1":{"name":"registerPrestataire","decl":{"start":{"line":16,"column":22},"end":{"line":16,"column":41}},"loc":{"start":{"line":16,"column":69},"end":{"line":80,"column":1}}},"2":{"name":"(anonymous_12)","decl":{"start":{"line":69,"column":86},"end":{"line":69,"column":91}},"loc":{"start":{"line":69,"column":100},"end":{"line":76,"column":3}}},"3":{"name":"(anonymous_13)","decl":{"start":{"line":78,"column":37},"end":{"line":78,"column":40}},"loc":{"start":{"line":78,"column":42},"end":{"line":78,"column":45}}},"4":{"name":"addPrestataireProfile","decl":{"start":{"line":82,"column":22},"end":{"line":82,"column":43}},"loc":{"start":{"line":82,"column":75},"end":{"line":105,"column":1}}},"5":{"name":"updateMyPrestataire","decl":{"start":{"line":107,"column":22},"end":{"line":107,"column":41}},"loc":{"start":{"line":107,"column":73},"end":{"line":130,"column":1}}},"6":{"name":"getPublicProfile","decl":{"start":{"line":132,"column":22},"end":{"line":132,"column":38}},"loc":{"start":{"line":132,"column":66},"end":{"line":145,"column":1}}},"7":{"name":"searchPrestataires","decl":{"start":{"line":147,"column":22},"end":{"line":147,"column":40}},"loc":{"start":{"line":147,"column":68},"end":{"line":201,"column":1}}},"8":{"name":"(anonymous_18)","decl":{"start":{"line":176,"column":17},"end":{"line":176,"column":18}},"loc":{"start":{"line":176,"column":21},"end":{"line":180,"column":7}}},"9":{"name":"(anonymous_19)","decl":{"start":{"line":179,"column":108},"end":{"line":179,"column":109}},"loc":{"start":{"line":179,"column":113},"end":{"line":179,"column":126}}},"10":{"name":"(anonymous_20)","decl":{"start":{"line":184,"column":68},"end":{"line":184,"column":69}},"loc":{"start":{"line":184,"column":72},"end":{"line":198,"column":3}}},"11":{"name":"getRanking","decl":{"start":{"line":203,"column":22},"end":{"line":203,"column":32}},"loc":{"start":{"line":203,"column":60},"end":{"line":237,"column":1}}},"12":{"name":"(anonymous_22)","decl":{"start":{"line":220,"column":27},"end":{"line":220,"column":28}},"loc":{"start":{"line":220,"column":31},"end":{"line":234,"column":3}}},"13":{"name":"getReviews","decl":{"start":{"line":239,"column":22},"end":{"line":239,"column":32}},"loc":{"start":{"line":239,"column":60},"end":{"line":267,"column":1}}},"14":{"name":"(anonymous_24)","decl":{"start":{"line":240,"column":29},"end":{"line":240,"column":42}},"loc":{"start":{"line":240,"column":29},"end":{"line":240,"column":69}}},"15":{"name":"geocodePrestataire","decl":{"start":{"line":269,"column":22},"end":{"line":269,"column":40}},"loc":{"start":{"line":269,"column":68},"end":{"line":285,"column":1}}}},"branchMap":{"0":{"loc":{"start":{"line":20,"column":2},"end":{"line":23,"column":3}},"type":"if","locations":[{"start":{"line":20,"column":2},"end":{"line":23,"column":3}}]},"1":{"loc":{"start":{"line":20,"column":6},"end":{"line":20,"column":58}},"type":"binary-expr","locations":[{"start":{"line":20,"column":6},"end":{"line":20,"column":12}},{"start":{"line":20,"column":16},"end":{"line":20,"column":25}},{"start":{"line":20,"column":29},"end":{"line":20,"column":33}},{"start":{"line":20,"column":37},"end":{"line":20,"column":44}},{"start":{"line":20,"column":48},"end":{"line":20,"column":58}}]},"2":{"loc":{"start":{"line":26,"column":2},"end":{"line":29,"column":3}},"type":"if","locations":[{"start":{"line":26,"column":2},"end":{"line":29,"column":3}}]},"3":{"loc":{"start":{"line":37,"column":9},"end":{"line":37,"column":26}},"type":"binary-expr","locations":[{"start":{"line":37,"column":9},"end":{"line":37,"column":17}},{"start":{"line":37,"column":21},"end":{"line":37,"column":26}}]},"4":{"loc":{"start":{"line":38,"column":27},"end":{"line":38,"column":62}},"type":"binary-expr","locations":[{"start":{"line":38,"column":27},"end":{"line":38,"column":53}},{"start":{"line":38,"column":57},"end":{"line":38,"column":62}}]},"5":{"loc":{"start":{"line":44,"column":17},"end":{"line":44,"column":39}},"type":"binary-expr","locations":[{"start":{"line":44,"column":17},"end":{"line":44,"column":33}},{"start":{"line":44,"column":37},"end":{"line":44,"column":39}}]},"6":{"loc":{"start":{"line":50,"column":16},"end":{"line":50,"column":40}},"type":"binary-expr","locations":[{"start":{"line":50,"column":16},"end":{"line":50,"column":31}},{"start":{"line":50,"column":35},"end":{"line":50,"column":40}}]},"7":{"loc":{"start":{"line":51,"column":16},"end":{"line":51,"column":40}},"type":"binary-expr","locations":[{"start":{"line":51,"column":16},"end":{"line":51,"column":31}},{"start":{"line":51,"column":35},"end":{"line":51,"column":40}}]},"8":{"loc":{"start":{"line":52,"column":20},"end":{"line":52,"column":48}},"type":"binary-expr","locations":[{"start":{"line":52,"column":20},"end":{"line":52,"column":39}},{"start":{"line":52,"column":43},"end":{"line":52,"column":48}}]},"9":{"loc":{"start":{"line":54,"column":19},"end":{"line":54,"column":46}},"type":"binary-expr","locations":[{"start":{"line":54,"column":19},"end":{"line":54,"column":37}},{"start":{"line":54,"column":41},"end":{"line":54,"column":46}}]},"10":{"loc":{"start":{"line":55,"column":9},"end":{"line":55,"column":26}},"type":"binary-expr","locations":[{"start":{"line":55,"column":9},"end":{"line":55,"column":17}},{"start":{"line":55,"column":21},"end":{"line":55,"column":26}}]},"11":{"loc":{"start":{"line":59,"column":2},"end":{"line":67,"column":3}},"type":"if","locations":[{"start":{"line":59,"column":2},"end":{"line":67,"column":3}}]},"12":{"loc":{"start":{"line":70,"column":4},"end":{"line":75,"column":5}},"type":"if","locations":[{"start":{"line":70,"column":4},"end":{"line":75,"column":5}}]},"13":{"loc":{"start":{"line":83,"column":2},"end":{"line":86,"column":3}},"type":"if","locations":[{"start":{"line":83,"column":2},"end":{"line":86,"column":3}}]},"14":{"loc":{"start":{"line":90,"column":17},"end":{"line":90,"column":39}},"type":"binary-expr","locations":[{"start":{"line":90,"column":17},"end":{"line":90,"column":33}},{"start":{"line":90,"column":37},"end":{"line":90,"column":39}}]},"15":{"loc":{"start":{"line":96,"column":16},"end":{"line":96,"column":40}},"type":"binary-expr","locations":[{"start":{"line":96,"column":16},"end":{"line":96,"column":31}},{"start":{"line":96,"column":35},"end":{"line":96,"column":40}}]},"16":{"loc":{"start":{"line":97,"column":16},"end":{"line":97,"column":40}},"type":"binary-expr","locations":[{"start":{"line":97,"column":16},"end":{"line":97,"column":31}},{"start":{"line":97,"column":35},"end":{"line":97,"column":40}}]},"17":{"loc":{"start":{"line":98,"column":20},"end":{"line":98,"column":48}},"type":"binary-expr","locations":[{"start":{"line":98,"column":20},"end":{"line":98,"column":39}},{"start":{"line":98,"column":43},"end":{"line":98,"column":48}}]},"18":{"loc":{"start":{"line":100,"column":19},"end":{"line":100,"column":46}},"type":"binary-expr","locations":[{"start":{"line":100,"column":19},"end":{"line":100,"column":37}},{"start":{"line":100,"column":41},"end":{"line":100,"column":46}}]},"19":{"loc":{"start":{"line":101,"column":9},"end":{"line":101,"column":26}},"type":"binary-expr","locations":[{"start":{"line":101,"column":9},"end":{"line":101,"column":17}},{"start":{"line":101,"column":21},"end":{"line":101,"column":26}}]},"20":{"loc":{"start":{"line":108,"column":2},"end":{"line":111,"column":3}},"type":"if","locations":[{"start":{"line":108,"column":2},"end":{"line":111,"column":3}}]},"21":{"loc":{"start":{"line":118,"column":4},"end":{"line":120,"column":5}},"type":"if","locations":[{"start":{"line":118,"column":4},"end":{"line":120,"column":5}}]},"22":{"loc":{"start":{"line":123,"column":2},"end":{"line":126,"column":3}},"type":"if","locations":[{"start":{"line":123,"column":2},"end":{"line":126,"column":3}}]},"23":{"loc":{"start":{"line":134,"column":2},"end":{"line":137,"column":3}},"type":"if","locations":[{"start":{"line":134,"column":2},"end":{"line":137,"column":3}}]},"24":{"loc":{"start":{"line":139,"column":2},"end":{"line":142,"column":3}},"type":"if","locations":[{"start":{"line":139,"column":2},"end":{"line":142,"column":3}}]},"25":{"loc":{"start":{"line":148,"column":13},"end":{"line":148,"column":23}},"type":"default-arg","locations":[{"start":{"line":148,"column":20},"end":{"line":148,"column":23}}]},"26":{"loc":{"start":{"line":148,"column":25},"end":{"line":148,"column":40}},"type":"default-arg","locations":[{"start":{"line":148,"column":36},"end":{"line":148,"column":40}}]},"27":{"loc":{"start":{"line":152,"column":2},"end":{"line":152,"column":55}},"type":"if","locations":[{"start":{"line":152,"column":2},"end":{"line":152,"column":55}}]},"28":{"loc":{"start":{"line":153,"column":2},"end":{"line":153,"column":70}},"type":"if","locations":[{"start":{"line":153,"column":2},"end":{"line":153,"column":70}}]},"29":{"loc":{"start":{"line":155,"column":2},"end":{"line":161,"column":3}},"type":"if","locations":[{"start":{"line":155,"column":2},"end":{"line":161,"column":3}}]},"30":{"loc":{"start":{"line":155,"column":6},"end":{"line":155,"column":39}},"type":"binary-expr","locations":[{"start":{"line":155,"column":6},"end":{"line":155,"column":25}},{"start":{"line":155,"column":29},"end":{"line":155,"column":32}},{"start":{"line":155,"column":36},"end":{"line":155,"column":39}}]},"31":{"loc":{"start":{"line":164,"column":2},"end":{"line":165,"column":65}},"type":"if","locations":[{"start":{"line":164,"column":2},"end":{"line":165,"column":65}},{"start":{"line":165,"column":7},"end":{"line":165,"column":65}}]},"32":{"loc":{"start":{"line":165,"column":7},"end":{"line":165,"column":65}},"type":"if","locations":[{"start":{"line":165,"column":7},"end":{"line":165,"column":65}}]},"33":{"loc":{"start":{"line":171,"column":2},"end":{"line":171,"column":47}},"type":"if","locations":[{"start":{"line":171,"column":2},"end":{"line":171,"column":47}}]},"34":{"loc":{"start":{"line":175,"column":19},"end":{"line":181,"column":9}},"type":"cond-expr","locations":[{"start":{"line":176,"column":6},"end":{"line":180,"column":8}},{"start":{"line":181,"column":6},"end":{"line":181,"column":9}}]},"35":{"loc":{"start":{"line":179,"column":15},"end":{"line":179,"column":127}},"type":"binary-expr","locations":[{"start":{"line":179,"column":15},"end":{"line":179,"column":32}},{"start":{"line":179,"column":36},"end":{"line":179,"column":56}},{"start":{"line":179,"column":60},"end":{"line":179,"column":85}},{"start":{"line":179,"column":89},"end":{"line":179,"column":127}}]},"36":{"loc":{"start":{"line":179,"column":71},"end":{"line":179,"column":84}},"type":"binary-expr","locations":[{"start":{"line":179,"column":71},"end":{"line":179,"column":78}},{"start":{"line":179,"column":82},"end":{"line":179,"column":84}}]},"37":{"loc":{"start":{"line":204,"column":29},"end":{"line":204,"column":39}},"type":"default-arg","locations":[{"start":{"line":204,"column":36},"end":{"line":204,"column":39}}]},"38":{"loc":{"start":{"line":204,"column":41},"end":{"line":204,"column":56}},"type":"default-arg","locations":[{"start":{"line":204,"column":52},"end":{"line":204,"column":56}}]},"39":{"loc":{"start":{"line":208,"column":2},"end":{"line":208,"column":50}},"type":"if","locations":[{"start":{"line":208,"column":2},"end":{"line":208,"column":50}}]},"40":{"loc":{"start":{"line":209,"column":2},"end":{"line":209,"column":65}},"type":"if","locations":[{"start":{"line":209,"column":2},"end":{"line":209,"column":65}}]},"41":{"loc":{"start":{"line":242,"column":10},"end":{"line":242,"column":20}},"type":"default-arg","locations":[{"start":{"line":242,"column":17},"end":{"line":242,"column":20}}]},"42":{"loc":{"start":{"line":242,"column":22},"end":{"line":242,"column":37}},"type":"default-arg","locations":[{"start":{"line":242,"column":33},"end":{"line":242,"column":37}}]},"43":{"loc":{"start":{"line":247,"column":2},"end":{"line":250,"column":3}},"type":"if","locations":[{"start":{"line":247,"column":2},"end":{"line":250,"column":3}}]},"44":{"loc":{"start":{"line":271,"column":2},"end":{"line":274,"column":3}},"type":"if","locations":[{"start":{"line":271,"column":2},"end":{"line":274,"column":3}}]},"45":{"loc":{"start":{"line":276,"column":2},"end":{"line":281,"column":3}},"type":"if","locations":[{"start":{"line":276,"column":2},"end":{"line":281,"column":3}},{"start":{"line":279,"column":9},"end":{"line":281,"column":3}}]}},"s":{"0":1,"1":1,"2":1,"3":1,"4":1,"5":1,"6":1,"7":1,"8":2,"9":1,"10":1,"11":1,"12":1,"13":1,"14":1,"15":1,"16":6,"17":6,"18":6,"19":1,"20":1,"21":5,"22":5,"23":1,"24":1,"25":4,"26":4,"27":4,"28":4,"29":2,"30":2,"31":2,"32":1,"33":4,"34":4,"35":1,"36":1,"37":1,"38":1,"39":4,"40":4,"41":3,"42":1,"43":1,"44":2,"45":2,"46":2,"47":3,"48":1,"49":1,"50":2,"51":2,"52":2,"53":2,"54":22,"55":2,"56":2,"57":1,"58":1,"59":2,"60":2,"61":3,"62":3,"63":1,"64":1,"65":2,"66":2,"67":1,"68":1,"69":1,"70":1,"71":7,"72":7,"73":7,"74":7,"75":1,"76":7,"77":1,"78":7,"79":1,"80":7,"81":1,"82":6,"83":1,"84":7,"85":7,"86":7,"87":2,"88":7,"89":7,"90":4,"91":4,"92":4,"93":3,"94":7,"95":7,"96":3,"97":3,"98":7,"99":2,"100":2,"101":2,"102":2,"103":1,"104":2,"105":1,"106":2,"107":2,"108":1,"109":1,"110":2,"111":4,"112":2,"113":2,"114":2,"115":2,"116":2,"117":1,"118":1,"119":1,"120":1,"121":1,"122":1,"123":3,"124":3,"125":1,"126":1,"127":2,"128":2,"129":1,"130":1,"131":1,"132":2,"133":2,"134":2},"f":{"0":2,"1":6,"2":4,"3":0,"4":3,"5":3,"6":3,"7":7,"8":4,"9":3,"10":3,"11":2,"12":1,"13":2,"14":2,"15":3},"b":{"0":[1],"1":[6,6,6,5,5],"2":[1],"3":[4,4],"4":[4,4],"5":[4,4],"6":[4,4],"7":[4,4],"8":[4,4],"9":[4,4],"10":[4,4],"11":[2],"12":[1],"13":[1],"14":[2,1],"15":[2,2],"16":[2,2],"17":[2,2],"18":[2,2],"19":[2,2],"20":[1],"21":[2],"22":[1],"23":[1],"24":[1],"25":[7],"26":[7],"27":[1],"28":[1],"29":[1],"30":[7,1,1],"31":[1,6],"32":[1],"33":[2],"34":[2,5],"35":[4,3,3,3],"36":[3,1],"37":[2],"38":[2],"39":[1],"40":[1],"41":[2],"42":[2],"43":[1],"44":[1],"45":[1,1]}}
,"/workspaces/claude/gardee-v2/backend/src/controllers/requestController.ts": {"path":"/workspaces/claude/gardee-v2/backend/src/controllers/requestController.ts","statementMap":{"0":{"start":{"line":15,"column":0},"end":{"line":15,"column":7}},"1":{"start":{"line":55,"column":0},"end":{"line":55,"column":7}},"2":{"start":{"line":85,"column":0},"end":{"line":85,"column":7}},"3":{"start":{"line":111,"column":0},"end":{"line":111,"column":7}},"4":{"start":{"line":126,"column":0},"end":{"line":126,"column":7}},"5":{"start":{"line":145,"column":0},"end":{"line":145,"column":7}},"6":{"start":{"line":162,"column":0},"end":{"line":162,"column":7}},"7":{"start":{"line":186,"column":0},"end":{"line":186,"column":7}},"8":{"start":{"line":204,"column":0},"end":{"line":204,"column":7}},"9":{"start":{"line":219,"column":0},"end":{"line":219,"column":7}},"10":{"start":{"line":237,"column":0},"end":{"line":237,"column":7}},"11":{"start":{"line":256,"column":0},"end":{"line":256,"column":7}},"12":{"start":{"line":279,"column":0},"end":{"line":279,"column":7}},"13":{"start":{"line":2,"column":0},"end":{"line":2,"column":37}},"14":{"start":{"line":3,"column":0},"end":{"line":3,"column":58}},"15":{"start":{"line":4,"column":0},"end":{"line":4,"column":38}},"16":{"start":{"line":6,"column":0},"end":{"line":6,"column":null}},"17":{"start":{"line":16,"column":15},"end":{"line":16,"column":50}},"18":{"start":{"line":17,"column":44},"end":{"line":17,"column":48}},"19":{"start":{"line":19,"column":2},"end":{"line":22,"column":3}},"20":{"start":{"line":20,"column":4},"end":{"line":20,"column":83}},"21":{"start":{"line":21,"column":4},"end":{"line":21,"column":11}},"22":{"start":{"line":24,"column":22},"end":{"line":24,"column":105}},"23":{"start":{"line":25,"column":2},"end":{"line":28,"column":3}},"24":{"start":{"line":26,"column":4},"end":{"line":26,"column":63}},"25":{"start":{"line":27,"column":4},"end":{"line":27,"column":11}},"26":{"start":{"line":30,"column":16},"end":{"line":30,"column":47}},"27":{"start":{"line":31,"column":18},"end":{"line":49,"column":4}},"28":{"start":{"line":51,"column":2},"end":{"line":51,"column":83}},"29":{"start":{"line":52,"column":2},"end":{"line":52,"column":54}},"30":{"start":{"line":56,"column":20},"end":{"line":56,"column":50}},"31":{"start":{"line":57,"column":18},"end":{"line":61,"column":4}},"32":{"start":{"line":63,"column":2},"end":{"line":66,"column":3}},"33":{"start":{"line":64,"column":4},"end":{"line":64,"column":63}},"34":{"start":{"line":65,"column":4},"end":{"line":65,"column":11}},"35":{"start":{"line":68,"column":22},"end":{"line":68,"column":64}},"36":{"start":{"line":69,"column":2},"end":{"line":72,"column":3}},"37":{"start":{"line":70,"column":4},"end":{"line":70,"column":63}},"38":{"start":{"line":71,"column":4},"end":{"line":71,"column":11}},"39":{"start":{"line":74,"column":2},"end":{"line":74,"column":38}},"40":{"start":{"line":75,"column":2},"end":{"line":75,"column":23}},"41":{"start":{"line":77,"column":2},"end":{"line":77,"column":52}},"42":{"start":{"line":78,"column":2},"end":{"line":78,"column":38}},"43":{"start":{"line":79,"column":2},"end":{"line":79,"column":46}},"44":{"start":{"line":80,"column":2},"end":{"line":80,"column":23}},"45":{"start":{"line":82,"column":2},"end":{"line":82,"column":49}},"46":{"start":{"line":86,"column":27},"end":{"line":86,"column":71}},"47":{"start":{"line":87,"column":19},"end":{"line":87,"column":75}},"48":{"start":{"line":88,"column":18},"end":{"line":88,"column":107}},"49":{"start":{"line":90,"column":2},"end":{"line":93,"column":3}},"50":{"start":{"line":91,"column":4},"end":{"line":91,"column":59}},"51":{"start":{"line":92,"column":4},"end":{"line":92,"column":11}},"52":{"start":{"line":94,"column":2},"end":{"line":97,"column":3}},"53":{"start":{"line":95,"column":4},"end":{"line":95,"column":76}},"54":{"start":{"line":96,"column":4},"end":{"line":96,"column":11}},"55":{"start":{"line":99,"column":22},"end":{"line":99,"column":64}},"56":{"start":{"line":100,"column":2},"end":{"line":103,"column":3}},"57":{"start":{"line":101,"column":4},"end":{"line":101,"column":63}},"58":{"start":{"line":102,"column":4},"end":{"line":102,"column":11}},"59":{"start":{"line":105,"column":2},"end":{"line":105,"column":36}},"60":{"start":{"line":106,"column":2},"end":{"line":106,"column":23}},"61":{"start":{"line":107,"column":2},"end":{"line":107,"column":64}},"62":{"start":{"line":108,"column":2},"end":{"line":108,"column":25}},"63":{"start":{"line":112,"column":42},"end":{"line":112,"column":77}},"64":{"start":{"line":113,"column":15},"end":{"line":113,"column":56}},"65":{"start":{"line":115,"column":25},"end":{"line":121,"column":4}},"66":{"start":{"line":123,"column":2},"end":{"line":123,"column":81}},"67":{"start":{"line":127,"column":42},"end":{"line":127,"column":77}},"68":{"start":{"line":128,"column":15},"end":{"line":128,"column":56}},"69":{"start":{"line":130,"column":17},"end":{"line":135,"column":4}},"70":{"start":{"line":137,"column":25},"end":{"line":140,"column":4}},"71":{"start":{"line":142,"column":2},"end":{"line":142,"column":81}},"72":{"start":{"line":146,"column":18},"end":{"line":150,"column":4}},"73":{"start":{"line":151,"column":2},"end":{"line":154,"column":3}},"74":{"start":{"line":152,"column":4},"end":{"line":152,"column":59}},"75":{"start":{"line":153,"column":4},"end":{"line":153,"column":11}},"76":{"start":{"line":156,"column":2},"end":{"line":156,"column":31}},"77":{"start":{"line":157,"column":2},"end":{"line":157,"column":23}},"78":{"start":{"line":158,"column":2},"end":{"line":158,"column":54}},"79":{"start":{"line":159,"column":2},"end":{"line":159,"column":49}},"80":{"start":{"line":163,"column":28},"end":{"line":163,"column":74}},"81":{"start":{"line":164,"column":18},"end":{"line":168,"column":4}},"82":{"start":{"line":169,"column":2},"end":{"line":172,"column":3}},"83":{"start":{"line":170,"column":4},"end":{"line":170,"column":59}},"84":{"start":{"line":171,"column":4},"end":{"line":171,"column":11}},"85":{"start":{"line":174,"column":23},"end":{"line":174,"column":37}},"86":{"start":{"line":175,"column":2},"end":{"line":175,"column":97}},"87":{"start":{"line":176,"column":2},"end":{"line":176,"column":39}},"88":{"start":{"line":177,"column":16},"end":{"line":177,"column":47}},"89":{"start":{"line":178,"column":2},"end":{"line":178,"column":32}},"90":{"start":{"line":179,"column":2},"end":{"line":179,"column":79}},"91":{"start":{"line":180,"column":2},"end":{"line":180,"column":23}},"92":{"start":{"line":182,"column":2},"end":{"line":182,"column":84}},"93":{"start":{"line":183,"column":2},"end":{"line":183,"column":79}},"94":{"start":{"line":187,"column":22},"end":{"line":187,"column":54}},"95":{"start":{"line":188,"column":18},"end":{"line":192,"column":4}},"96":{"start":{"line":193,"column":2},"end":{"line":196,"column":3}},"97":{"start":{"line":194,"column":4},"end":{"line":194,"column":59}},"98":{"start":{"line":195,"column":4},"end":{"line":195,"column":11}},"99":{"start":{"line":198,"column":2},"end":{"line":198,"column":29}},"100":{"start":{"line":199,"column":2},"end":{"line":199,"column":23}},"101":{"start":{"line":200,"column":2},"end":{"line":200,"column":62}},"102":{"start":{"line":201,"column":2},"end":{"line":201,"column":49}},"103":{"start":{"line":205,"column":18},"end":{"line":209,"column":4}},"104":{"start":{"line":210,"column":2},"end":{"line":213,"column":3}},"105":{"start":{"line":211,"column":4},"end":{"line":211,"column":59}},"106":{"start":{"line":212,"column":4},"end":{"line":212,"column":11}},"107":{"start":{"line":214,"column":2},"end":{"line":214,"column":31}},"108":{"start":{"line":215,"column":2},"end":{"line":215,"column":23}},"109":{"start":{"line":216,"column":2},"end":{"line":216,"column":25}},"110":{"start":{"line":220,"column":18},"end":{"line":224,"column":4}},"111":{"start
[...]
"column":7}},"2":{"start":{"line":35,"column":0},"end":{"line":35,"column":7}},"3":{"start":{"line":52,"column":0},"end":{"line":52,"column":7}},"4":{"start":{"line":71,"column":0},"end":{"line":71,"column":7}},"5":{"start":{"line":85,"column":0},"end":{"line":85,"column":7}},"6":{"start":{"line":119,"column":0},"end":{"line":119,"column":7}},"7":{"start":{"line":135,"column":0},"end":{"line":135,"column":7}},"8":{"start":{"line":151,"column":0},"end":{"line":151,"column":7}},"9":{"start":{"line":167,"column":0},"end":{"line":167,"column":7}},"10":{"start":{"line":181,"column":0},"end":{"line":181,"column":7}},"11":{"start":{"line":207,"column":0},"end":{"line":207,"column":7}},"12":{"start":{"line":226,"column":0},"end":{"line":226,"column":7}},"13":{"start":{"line":1,"column":0},"end":{"line":1,"column":44}},"14":{"start":{"line":5,"column":18},"end":{"line":5,"column":68}},"15":{"start":{"line":5,"column":24},"end":{"line":5,"column":68}},"16":{"start":{"line":6,"column":16},"end":{"line":6,"column":64}},"17":{"start":{"line":6,"column":22},"end":{"line":6,"column":64}},"18":{"start":{"line":8,"column":20},"end":{"line":11,"column":226}},"19":{"start":{"line":14,"column":2},"end":{"line":20,"column":4}},"20":{"start":{"line":24,"column":15},"end":{"line":24,"column":46}},"21":{"start":{"line":25,"column":2},"end":{"line":32,"column":4}},"22":{"start":{"line":40,"column":15},"end":{"line":40,"column":65}},"23":{"start":{"line":41,"column":2},"end":{"line":49,"column":4}},"24":{"start":{"line":56,"column":2},"end":{"line":68,"column":4}},"25":{"start":{"line":75,"column":2},"end":{"line":82,"column":4}},"26":{"start":{"line":92,"column":18},"end":{"line":92,"column":238}},"27":{"start":{"line":93,"column":21},"end":{"line":93,"column":94}},"28":{"start":{"line":94,"column":21},"end":{"line":94,"column":94}},"29":{"start":{"line":96,"column":2},"end":{"line":116,"column":4}},"30":{"start":{"line":124,"column":18},"end":{"line":124,"column":238}},"31":{"start":{"line":125,"column":2},"end":{"line":132,"column":4}},"32":{"start":{"line":140,"column":2},"end":{"line":148,"column":4}},"33":{"start":{"line":155,"column":15},"end":{"line":155,"column":76}},"34":{"start":{"line":156,"column":2},"end":{"line":164,"column":4}},"35":{"start":{"line":171,"column":2},"end":{"line":178,"column":4}},"36":{"start":{"line":187,"column":20},"end":{"line":187,"column":76}},"37":{"start":{"line":188,"column":2},"end":{"line":204,"column":4}},"38":{"start":{"line":213,"column":2},"end":{"line":223,"column":4}},"39":{"start":{"line":227,"column":15},"end":{"line":227,"column":64}},"40":{"start":{"line":228,"column":2},"end":{"line":236,"column":4}}},"fnMap":{"0":{"name":"(anonymous_0)","decl":{"start":{"line":5,"column":18},"end":{"line":5,"column":21}},"loc":{"start":{"line":5,"column":24},"end":{"line":5,"column":68}}},"1":{"name":"(anonymous_1)","decl":{"start":{"line":6,"column":16},"end":{"line":6,"column":19}},"loc":{"start":{"line":6,"column":22},"end":{"line":6,"column":64}}},"2":{"name":"sendWelcomeEmail","decl":{"start":{"line":13,"column":22},"end":{"line":13,"column":38}},"loc":{"start":{"line":13,"column":50},"end":{"line":21,"column":1}}},"3":{"name":"sendWelcomeClientEmail","decl":{"start":{"line":23,"column":22},"end":{"line":23,"column":44}},"loc":{"start":{"line":23,"column":56},"end":{"line":33,"column":1}}},"4":{"name":"sendRequestConfirmationEmail","decl":{"start":{"line":35,"column":22},"end":{"line":35,"column":50}},"loc":{"start":{"line":38,"column":20},"end":{"line":50,"column":1}}},"5":{"name":"sendRequestToProvider","decl":{"start":{"line":52,"column":22},"end":{"line":52,"column":43}},"loc":{"start":{"line":54,"column":20},"end":{"line":69,"column":1}}},"6":{"name":"sendProviderAcceptedEmail","decl":{"start":{"line":71,"column":22},"end":{"line":71,"column":47}},"loc":{"start":{"line":73,"column":20},"end":{"line":83,"column":1}}},"7":{"name":"sendProviderProposedEmail","decl":{"start":{"line":85,"column":22},"end":{"line":85,"column":47}},"loc":{"start":{"line":90,"column":16},"end":{"line":117,"column":1}}},"8":{"name":"sendClientRefusedProposalEmail","decl":{"start":{"line":119,"column":22},"end":{"line":119,"column":52}},"loc":{"start":{"line":122,"column":20},"end":{"line":133,"column":1}}},"9":{"name":"sendProviderRefusedEmail","decl":{"start":{"line":135,"column":22},"end":{"line":135,"column":46}},"loc":{"start":{"line":138,"column":18},"end":{"line":149,"column":1}}},"10":{"name":"sendRatingRequestEmail","decl":{"start":{"line":151,"column":22},"end":{"line":151,"column":44}},"loc":{"start":{"line":153,"column":20},"end":{"line":165,"column":1}}},"11":{"name":"sendUpcomingReminderEmail","decl":{"start":{"line":167,"column":22},"end":{"line":167,"column":47}},"loc":{"start":{"line":169,"column":20},"end":{"line":179,"column":1}}},"12":{"name":"sendMessageToClientEmail","decl":{"start":{"line":181,"column":22},"end":{"line":181,"column":46}},"loc":{"start":{"line":185,"column":15},"end":{"line":205,"column":1}}},"13":{"name":"sendMessageToProviderEmail","decl":{"start":{"line":207,"column":22},"end":{"line":207,"column":48}},"loc":{"start":{"line":211,"column":17},"end":{"line":224,"column":1}}},"14":{"name":"sendForgotPasswordEmail","decl":{"start":{"line":226,"column":22},"end":{"line":226,"column":45}},"loc":{"start":{"line":226,"column":71},"end":{"line":237,"column":1}}}},"branchMap":{"0":{"loc":{"start":{"line":5,"column":24},"end":{"line":5,"column":68}},"type":"binary-expr","locations":[{"start":{"line":5,"column":24},"end":{"line":5,"column":45}},{"start":{"line":5,"column":49},"end":{"line":5,"column":68}}]},"1":{"loc":{"start":{"line":6,"column":22},"end":{"line":6,"column":64}},"type":"binary-expr","locations":[{"start":{"line":6,"column":22},"end":{"line":6,"column":41}},{"start":{"line":6,"column":45},"end":{"line":6,"column":64}}]},"2":{"loc":{"start":{"line":60,"column":78},"end":{"line":60,"column":194}},"type":"cond-expr","locations":[{"start":{"line":60,"column":104},"end":{"line":60,"column":169}},{"start":{"line":60,"column":172},"end":{"line":60,"column":194}}]},"3":{"loc":{"start":{"line":60,"column":134},"end":{"line":60,"column":160}},"type":"binary-expr","locations":[{"start":{"line":60,"column":134},"end":{"line":60,"column":154}},{"start":{"line":60,"column":158},"end":{"line":60,"column":160}}]},"4":{"loc":{"start":{"line":62,"column":6},"end":{"line":62,"column":95}},"type":"cond-expr","locations":[{"start":{"line":62,"column":24},"end":{"line":62,"column":90}},{"start":{"line":62,"column":93},"end":{"line":62,"column":95}}]},"5":{"loc":{"start":{"line":64,"column":6},"end":{"line":64,"column":216}},"type":"cond-expr","locations":[{"start":{"line":64,"column":26},"end":{"line":64,"column":211}},{"start":{"line":64,"column":214},"end":{"line":64,"column":216}}]},"6":{"loc":{"start":{"line":65,"column":6},"end":{"line":65,"column":78}},"type":"cond-expr","locations":[{"start":{"line":65,"column":28},"end":{"line":65,"column":73}},{"start":{"line":65,"column":76},"end":{"line":65,"column":78}}]},"7":{"loc":{"start":{"line":80,"column":6},"end":{"line":80,"column":216}},"type":"cond-expr","locations":[{"start":{"line":80,"column":26},"end":{"line":80,"column":211}},{"start":{"line":80,"column":214},"end":{"line":80,"column":216}}]},"8":{"loc":{"start":{"line":93,"column":21},"end":{"line":93,"column":94}},"type":"cond-expr","locations":[{"start":{"line":93,"column":29},"end":{"line":93,"column":87}},{"start":{"line":93,"column":90},"end":{"line":93,"column":94}}]},"9":{"loc":{"start":{"line":94,"column":21},"end":{"line":94,"column":94}},"type":"cond-expr","locations":[{"start":{"line":94,"column":29},"end":{"line":94,"column":87}},{"start":{"line":94,"column":90},"end":{"line":94,"column":94}}]},"10":{"loc":{"start":{"line":102,"column":6},"end":{"line":102,"column":50}},"type":"cond-expr","locations":[{"start":{"line":102,"column":16},"end":{"line":102,"column":45}},{"start":{"line":102,"column":48},"end":{"line":102,"column":50}}]},"11":{"loc":{"start":{"line":103,"column":6},"end":{"line":114,"column":10}},"type":"cond-expr","locations":[{"start":{"line":103,"column":19},"end":{"line":114,"column":6}},{"start":{"line":114,"column":8},"end":{"line":114,"column":10}}]},"12":{"loc":{"start":{"line":129,"column":19},"end":{"line":129,"column":135}},"type":"cond-expr","locations":[{"start":{"line":129,"column":45},"end":{"line":129,"column":110}},{"start":{"line":129,"column":113},"end":{"line":129,"column":135}}]},"13":{"loc":{"start":{"line":129,"column":75},"end":{"line":129,"column":101}},"type":"binary-expr","locations":[{"start":{"line":129,"column":75},"end":{"line":129,"column":95}},{"start":{"line":129,"column":99},"end":{"line":129,"column":101}}]},"14":{"loc":{"start":{"line":145,"column":6},"end":{"line":145,"column":50}},"type":"cond-expr","locations":[{"start":{"line":145,"column":16},"end":{"line":145,"column":45}},{"start":{"line":145,"column":48},"end":{"line":145,"column":50}}]},"15":{"loc":{"start":{"line":176,"column":6},"end":{"line":176,"column":206}},"type":"cond-expr","locations":[{"start":{"line":176,"column":26},"end":{"line":176,"column":201}},{"start":{"line":176,"column":204},"end":{"line":176,"column":206}}]},"16":{"loc":{"start":{"line":191,"column":17},"end":{"line":191,"column":77}},"type":"cond-expr","locations":[{"start":{"line":191,"column":43},"end":{"line":191,"column":72}},{"start":{"line":191,"column":75},"end":{"line":191,"column":77}}]}},"s":{"0":0,"1":0,"2":0,"3":0,"4":0,"5":0,"6":0,"7":0,"8":0,"9":0,"10":0,"11":0,"12":0,"13":0,"14":0,"15":0,"16":0,"17":0,"18":0,"19":0,"20":0,"21":0,"22":0,"23":0,"24":0,"25":0,"26":0,"27":0,"28":0,"29":0,"30":0,"31":0,"32":0,"33":0,"34":0,"35":0,"36":0,"37":0,"38":0,"39":0,"40":0},"f":{"0":0,"1":0,"2":0,"3":0,"4":0,"5":0,"6":0,"7":0,"8":0,"9":0,"10":0,"11":0,"12":0,"13":0,"14":0},"b":{"0":[0,0],"1":[0,0],"2":[0,0],"3":[0,0],"4":[0,0],"5":[0,0],"6":[0,0],"7":[0,0],"8":[0,0],"9":[0,0],"10":[0,0],"11":[0,0],"12":[0,0],"13":[0,0],"14":[0,0],"15":[0,0],"16":[0,0]}}
,"/workspaces/claude/gardee-v2/backend/src/services/pushService.ts": {"path":"/workspaces/claude/gardee-v2/backend/src/services/pushService.ts","statementMap":{"0":{"start":{"line":23,"column":0},"end":{"line":23,"column":7}},"1":{"start":{"line":1,"column":0},"end":{"line":1,"column":31}},"2":{"start":{"line":2,"column":0},"end":{"line":2,"column":62}},"3":{"start":{"line":5,"column":22},"end":{"line":5,"column":27}},"4":{"start":{"line":7,"column":2},"end":{"line":7,"column":63}},"5":{"start":{"line":7,"column":56},"end":{"line":7,"column":63}},"6":{"start":{"line":8,"column":2},"end":{"line":12,"column":4}},"7":{"start":{"line":13,"column":2},"end":{"line":13,"column":25}},"8":{"start":{"line":24,"column":2},"end":{"line":24,"column":16}},"9":{"start":{"line":25,"column":15},"end":{"line":25,"column":60}},"10":{"start":{"line":26,"column":26},"end":{"line":26,"column":28}},"11":{"start":{"line":28,"column":2},"end":{"line":40,"column":4}},"12":{"start":{"line":30,"column":6},"end":{"line":38,"column":7}},"13":{"start":{"line":31,"column":8},"end":{"line":34,"column":10}},"14":{"start":{"line":36,"column":24},"end":{"line":36,"column":66}},"15":{"start":{"line":37,"column":8},"end":{"line":37,"column":71}},"16":{"start":{"line":37,"column":46},"end":{"line":37,"column":71}},"17":{"start":{"line":42,"column":2},"end":{"line":44,"column":3}},"18":{"start":{"line":43,"column":4},"end":{"line":43,"column":68}}},"fnMap":{"0":{"name":"ensureVapid","decl":{"start":{"line":6,"column":9},"end":{"line":6,"column":20}},"loc":{"start":{"line":6,"column":20},"end":{"line":14,"column":1}}},"1":{"name":"sendPushToUser","decl":{"start":{"line":23,"column":22},"end":{"line":23,"column":36}},"loc":{"start":{"line":23,"column":81},"end":{"line":45,"column":1}}},"2":{"name":"(anonymous_3)","decl":{"start":{"line":29,"column":13},"end":{"line":29,"column":18}},"loc":{"start":{"line":29,"column":27},"end":{"line":39,"column":5}}}},"branchMap":{"0":{"loc":{"start":{"line":7,"column":2},"end":{"line":7,"column":63}},"type":"if","locations":[{"start":{"line":7,"column":2},"end":{"line":7,"column":63}}]},"1":{"loc":{"start":{"line":7,"column":6},"end":{"line":7,"column":54}},"type":"binary-expr","locations":[{"start":{"line":7,"column":6},"end":{"line":7,"column":21}},{"start":{"line":7,"column":25},"end":{"line":7,"column":54}}]},"2":{"loc":{"start":{"line":9,"column":4},"end":{"line":9,"column":56}},"type":"binary-expr","locations":[{"start":{"line":9,"column":4},"end":{"line":9,"column":29}},{"start":{"line":9,"column":33},"end":{"line":9,"column":56}}]},"3":{"loc":{"start":{"line":37,"column":8},"end":{"line":37,"column":71}},"type":"if","locations":[{"start":{"line":37,"column":8},"end":{"line":37,"column":71}}]},"4":{"loc":{"start":{"line":37,"column":12},"end":{"line":37,"column":44}},"type":"binary-expr","locations":[{"start":{"line":37,"column":12},"end":{"line":37,"column":26}},{"start":{"line":37,"column":30},"end":{"line":37,"column":44}}]},"5":{"loc":{"start":{"line":42,"column":2},"end":{"line":44,"column":3}},"type":"if","locations":[{"start":{"line":42,"column":2},"end":{"line":44,"column":3}}]}},"s":{"0":0,"1":0,"2":0,"3":0,"4":0,"5":0,"6":0,"7":0,"8":0,"9":0,"10":0,"11":0,"12":0,"13":0,"14":0,"15":0,"16":0,"17":0,"18":0},"f":{"0":0,"1":0,"2":0},"b":{"0":[0],"1":[0,0],"2":[0,0],"3":[0],"4":[0,0],"5":[0]}}
,"/workspaces/claude/gardee-v2/backend/src/utils/fileUpload.ts": {"path":"/workspaces/claude/gardee-v2/backend/src/utils/fileUpload.ts","statementMap":{"0":{"start":{"line":4,"column":0},"end":{"line":4,"column":7}},"1":{"start":{"line":2,"column":0},"end":{"line":2,"column":51}},"2":{"start":{"line":8,"column":2},"end":{"line":10,"column":3}},"3":{"start":{"line":9,"column":4},"end":{"line":9,"column":54}},"4":{"start":{"line":11,"column":2},"end":{"line":13,"column":3}},"5":{"start":{"line":12,"column":4},"end":{"line":12,"column":60}},"6":{"start":{"line":14,"column":17},"end":{"line":14,"column":79}},"7":{"start":{"line":15,"column":2},"end":{"line":15,"column":65}}},"fnMap":{"0":{"name":"uploadProfileImage","decl":{"start":{"line":4,"column":22},"end":{"line":4,"column":40}},"loc":{"start":{"line":6,"column":16},"end":{"line":16,"column":1}}}},"branchMap":{"0":{"loc":{"start":{"line":8,"column":2},"end":{"line":10,"column":3}},"type":"if","locations":[{"start":{"line":8,"column":2},"end":{"line":10,"column":3}}]},"1":{"loc":{"start":{"line":11,"column":2},"end":{"line":13,"column":3}},"type":"if","locations":[{"start":{"line":11,"column":2},"end":{"line":13,"column":3}}]}},"s":{"0":0,"1":0,"2":0,"3":0,"4":0,"5":0,"6":0,"7":0},"f":{"0":0},"b":{"0":[0],"1":[0]}}
,"/workspaces/claude/gardee-v2/backend/src/utils/geocoding.ts": {"path":"/workspaces/claude/gardee-v2/backend/src/utils/geocoding.ts","statementMap":{"0":{"start":{"line":11,"column":0},"end":{"line":11,"column":7}},"1":{"start":{"line":1,"column":0},"end":{"line":1,"column":26}},"2":{"start":{"line":2,"column":0},"end":{"line":2,"column":36}},"3":{"start":{"line":4,"column":16},"end":{"line":4,"column":49}},"4":{"start":{"line":16,"column":12},"end":{"line":16,"column":77}},"5":{"start":{"line":17,"column":2},"end":{"line":33,"column":3}},"6":{"start":{"line":18,"column":21},"end":{"line":26,"column":null}},"7":{"start":{"line":19,"column":6},"end":{"line":26,"column":8}},"8":{"start":{"line":28,"column":20},"end":{"line":28,"column":72}},"9":{"start":{"line":29,"column":4},"end":{"line":29,"column":37}},"10":{"start":{"line":29,"column":25},"end":{"line":29,"column":37}},"11":{"start":{"line":30,"column":4},"end":{"line":30,"column":80}},"12":{"start":{"line":32,"column":4},"end":{"line":32,"column":16}}},"fnMap":{"0":{"name":"geocodeAddress","decl":{"start":{"line":11,"column":22},"end":{"line":11,"column":36}},"loc":{"start":{"line":14,"column":16},"end":{"line":34,"column":1}}},"1":{"name":"(anonymous_2)","decl":{"start":{"line":18,"column":44},"end":{"line":18,"column":47}},"loc":{"start":{"line":19,"column":6},"end":{"line":26,"column":8}}}},"branchMap":{"0":{"loc":{"start":{"line":22,"column":24},"end":{"line":22,"column":72}},"type":"binary-expr","locations":[{"start":{"line":22,"column":24},"end":{"line":22,"column":56}},{"start":{"line":22,"column":60},"end":{"line":22,"column":72}}]},"1":{"loc":{"start":{"line":29,"column":4},"end":{"line":29,"column":37}},"type":"if","locations":[{"start":{"line":29,"column":4},"end":{"line":29,"column":37}}]}},"s":{"0":0,"1":0,"2":0,"3":0,"4":0,"5":0,"6":0,"7":0,"8":0,"9":0,"10":0,"11":0,"12":0},"f":{"0":0,"1":0},"b":{"0":[0,0],"1":[0]}}
,"/workspaces/claude/gardee-v2/backend/src/utils/serializeUser.ts": {"path":"/workspaces/claude/gardee-v2/backend/src/utils/serializeUser.ts","statementMap":{"0":{"start":{"line":4,"column":0},"end":{"line":4,"column":16}},"1":{"start":{"line":5,"column":45},"end":{"line":5,"column":60}},"2":{"start":{"line":6,"column":2},"end":{"line":10,"column":4}},"3":{"start":{"line":9,"column":50},"end":{"line":9,"column":72}},"4":{"start":{"line":9,"column":74},"end":{"line":9,"column":83}}},"fnMap":{"0":{"name":"serializeUser","decl":{"start":{"line":4,"column":16},"end":{"line":4,"column":29}},"loc":{"start":{"line":4,"column":76},"end":{"line":11,"column":1}}},"1":{"name":"(anonymous_1)","decl":{"start":{"line":9,"column":32},"end":{"line":9,"column":35}},"loc":{"start":{"line":9,"column":37},"end":{"line":9,"column":85}}}},"branchMap":{"0":{"loc":{"start":{"line":9,"column":17},"end":{"line":9,"column":95}},"type":"cond-expr","locations":[{"start":{"line":9,"column":31},"end":{"line":9,"column":88}},{"start":{"line":9,"column":91},"end":{"line":9,"column":95}}]}},"s":{"0":1,"1":2,"2":2,"3":2,"4":2},"f":{"0":2,"1":2},"b":{"0":[2,0]}}
,"/workspaces/claude/gardee-v2/backend/src/utils/tokens.ts": {"path":"/workspaces/claude/gardee-v2/backend/src/utils/tokens.ts","statementMap":{"0":{"start":{"line":7,"column":0},"end":{"line":7,"column":16}},"1":{"start":{"line":14,"column":0},"end":{"line":14,"column":7}},"2":{"start":{"line":25,"column":0},"end":{"line":25,"column":16}},"3":{"start":{"line":1,"column":0},"end":{"line":1,"column":37}},"4":{"start":{"line":2,"column":0},"end":{"line":2,"column":31}},"5":{"start":{"line":3,"column":0},"end":{"line":3,"column":32}},"6":{"start":{"line":5,"column":0},"end":{"line":5,"column":54}},"7":{"start":{"line":8,"column":14},"end":{"line":8,"column":66}},"8":{"start":{"line":9,"column":2},"end":{"line":11,"column":5}},"9":{"start":{"line":15,"column":18},"end":{"line":15,"column":68}},"10":{"start":{"line":16,"column":16},"end":{"line":16,"column":26}},"11":{"start":{"line":17,"column":2},"end":{"line":21,"column":5}},"12":{"start":{"line":22,"column":2},"end":{"line":22,"column":15}},"13":{"start":{"line":26,"column":2},"end":{"line":26,"column":44}}},"fnMap":{"0":{"name":"signAccessToken","decl":{"start":{"line":7,"column":16},"end":{"line":7,"column":31}},"loc":{"start":{"line":7,"column":54},"end":{"line":12,"column":1}}},"1":{"name":"createRefreshToken","decl":{"start":{"line":14,"column":22},"end":{"line":14,"column":40}},"loc":{"start":{"line":14,"column":63},"end":{"line":23,"column":1}}},"2":{"name":"randomHex","decl":{"start":{"line":25,"column":16},"end":{"line":25,"column":25}},"loc":{"start":{"line":25,"column":39},"end":{"line":27,"column":1}}}},"branchMap":{"0":{"loc":{"start":{"line":8,"column":23},"end":{"line":8,"column":61}},"type":"binary-expr","locations":[{"start":{"line":8,"column":23},"end":{"line":8,"column":53}},{"start":{"line":8,"column":57},"end":{"line":8,"column":61}}]},"1":{"loc":{"start":{"line":15,"column":27},"end":{"line":15,"column":63}},"type":"binary-expr","locations":[{"start":{"line":15,"column":27},"end":{"line":15,"column":55}},{"start":{"line":15,"column":59},"end":{"line":15,"column":63}}]}},"s":{"0":0,"1":0,"2":0,"3":0,"4":0,"5":0,"6":0,"7":0,"8":0,"9":0,"10":0,"11":0,"12":0,"13":0},"f":{"0":0,"1":0,"2":0},"b":{"0":[0,0],"1":[0,0]}}
}
